/home/531734/packages/quast/quast.py --large data/assemblies/VW4_HiFiasm.asm.11.hic.hap1and2.p_ctg.fasta data/assemblies/VW4_HiFiasm.asm.15.hic.hap1and2.p_ctg.fasta --glimmer -b --threads 28 -L --pacbio data/reads/all_hifi.fastq.gz -o VW4_HiFiasm_11and15_allReads

Version: 5.1.0rc1, ef58c8f

System information:
  OS: Linux-3.10.0-514.26.2.el7.x86_64-x86_64-with-centos-7.2.1511-Core (linux_64)
  Python version: 3.6.5
  CPUs number: 28

Started: 2021-09-19 18:57:51

Logging to /home/531734/mike/karyon_longread/VW4_HiFiasm_11and15_allReads/quast.log

CWD: /home/531734/mike/karyon_longread
Main parameters: 
  MODE: large, threads: 28, eukaryotic: true, min contig length: 3000, min alignment length: 500, \
  min alignment IDY: 95.0, ambiguity: one, threshold for extensive misassembly size: 7000

Contigs:
  Pre-processing...
  1  data/assemblies/VW4_HiFiasm.asm.11.hic.hap1and2.p_ctg.fasta ==> assemblies_VW4_HiFiasm.asm.11.hic.hap1and2.p_ctg
  2  data/assemblies/VW4_HiFiasm.asm.15.hic.hap1and2.p_ctg.fasta ==> assemblies_VW4_HiFiasm.asm.15.hic.hap1and2.p_ctg

2021-09-19 18:58:09
Running Reads analyzer...
  Logging to files /home/531734/mike/karyon_longread/VW4_HiFiasm_11and15_allReads/reads_stats/reads_stats.log and /home/531734/mike/karyon_longread/VW4_HiFiasm_11and15_allReads/reads_stats/reads_stats.err...
  2  Pre-processing reads...
  2  Running BWA...
/home/531734/packages/quast/quast_libs/bwa/bwa index -p /home/531734/mike/karyon_longread/VW4_HiFiasm_11and15_allReads/quast_corrected_input/assemblies_VW4_HiFiasm_asm_15_hic_hap1and2_p_ctg.fasta \
/home/531734/mike/karyon_longread/VW4_HiFiasm_11and15_allReads/quast_corrected_input/assemblies_VW4_HiFiasm_asm_15_hic_hap1and2_p_ctg.fasta \
>> /home/531734/mike/karyon_longread/VW4_HiFiasm_11and15_allReads/reads_stats/reads_stats.err \
2>> /home/531734/mike/karyon_longread/VW4_HiFiasm_11and15_allReads/reads_stats/reads_stats.err
  1  Pre-processing reads...
  1  Running BWA...
/home/531734/packages/quast/quast_libs/bwa/bwa index -p /home/531734/mike/karyon_longread/VW4_HiFiasm_11and15_allReads/quast_corrected_input/assemblies_VW4_HiFiasm_asm_11_hic_hap1and2_p_ctg.fasta \
/home/531734/mike/karyon_longread/VW4_HiFiasm_11and15_allReads/quast_corrected_input/assemblies_VW4_HiFiasm_asm_11_hic_hap1and2_p_ctg.fasta \
>> /home/531734/mike/karyon_longread/VW4_HiFiasm_11and15_allReads/reads_stats/reads_stats.err \
2>> /home/531734/mike/karyon_longread/VW4_HiFiasm_11and15_allReads/reads_stats/reads_stats.err
/home/531734/packages/quast/quast_libs/minimap2/minimap2 -t 9 -ax map-pb /home/531734/mike/karyon_longread/VW4_HiFiasm_11and15_allReads/quast_corrected_input/assemblies_VW4_HiFiasm_asm_15_hic_hap1and2_p_ctg.fasta \
/home/531734/mike/karyon_longread/data/reads/all_hifi.fastq.gz > assemblies_VW4_HiFiasm_asm_15_hic_hap1and2_p_ctg.pacbio1.sam \
2>> /home/531734/mike/karyon_longread/VW4_HiFiasm_11and15_allReads/reads_stats/reads_stats.err
/home/531734/packages/quast/quast_libs/minimap2/minimap2 -t 9 -ax map-pb /home/531734/mike/karyon_longread/VW4_HiFiasm_11and15_allReads/quast_corrected_input/assemblies_VW4_HiFiasm_asm_11_hic_hap1and2_p_ctg.fasta \
/home/531734/mike/karyon_longread/data/reads/all_hifi.fastq.gz > assemblies_VW4_HiFiasm_asm_11_hic_hap1and2_p_ctg.pacbio1.sam \
2>> /home/531734/mike/karyon_longread/VW4_HiFiasm_11and15_allReads/reads_stats/reads_stats.err
/home/531734/packages/quast/quast_libs/sambamba/sambamba_linux view -t 9 -h -S -f \
bam assemblies_VW4_HiFiasm_asm_11_hic_hap1and2_p_ctg.pacbio1.sam > assemblies_VW4_HiFiasm_asm_11_hic_hap1and2_p_ctg.pacbio1.bam \
2>> /home/531734/mike/karyon_longread/VW4_HiFiasm_11and15_allReads/reads_stats/reads_stats.err
/home/531734/packages/quast/quast_libs/sambamba/sambamba_linux view -t 9 -h -S -f \
bam assemblies_VW4_HiFiasm_asm_15_hic_hap1and2_p_ctg.pacbio1.sam > assemblies_VW4_HiFiasm_asm_15_hic_hap1and2_p_ctg.pacbio1.bam \
2>> /home/531734/mike/karyon_longread/VW4_HiFiasm_11and15_allReads/reads_stats/reads_stats.err
  1  Done.
/home/531734/packages/quast/quast_libs/sambamba/sambamba_linux view -H -S VW4_HiFiasm_11and15_allReads/reads_stats/temp_output/assemblies_VW4_HiFiasm_asm_11_hic_hap1and2_p_ctg.sam \
> VW4_HiFiasm_11and15_allReads/reads_stats/assemblies_VW4_HiFiasm_asm_11_hic_hap1and2_p_ctg.sam.header \
2>> VW4_HiFiasm_11and15_allReads/reads_stats/reads_stats.err
  1  Sorting SAM-file...
  2  Done.
/home/531734/packages/quast/quast_libs/sambamba/sambamba_linux view -H -S VW4_HiFiasm_11and15_allReads/reads_stats/temp_output/assemblies_VW4_HiFiasm_asm_15_hic_hap1and2_p_ctg.sam \
> VW4_HiFiasm_11and15_allReads/reads_stats/assemblies_VW4_HiFiasm_asm_15_hic_hap1and2_p_ctg.sam.header \
2>> VW4_HiFiasm_11and15_allReads/reads_stats/reads_stats.err
  2  Sorting SAM-file...
/home/531734/packages/quast/quast_libs/sambamba/sambamba_linux view -t 9 -h -S -f \
bam VW4_HiFiasm_11and15_allReads/reads_stats/temp_output/assemblies_VW4_HiFiasm_asm_11_hic_hap1and2_p_ctg.all.correct.sam \
> VW4_HiFiasm_11and15_allReads/reads_stats/temp_output/assemblies_VW4_HiFiasm_asm_11_hic_hap1and2_p_ctg.bam \
2>> VW4_HiFiasm_11and15_allReads/reads_stats/reads_stats.err
/home/531734/packages/quast/quast_libs/sambamba/sambamba_linux view -t 9 -h -S -f \
bam VW4_HiFiasm_11and15_allReads/reads_stats/temp_output/assemblies_VW4_HiFiasm_asm_15_hic_hap1and2_p_ctg.all.correct.sam \
> VW4_HiFiasm_11and15_allReads/reads_stats/temp_output/assemblies_VW4_HiFiasm_asm_15_hic_hap1and2_p_ctg.bam \
2>> VW4_HiFiasm_11and15_allReads/reads_stats/reads_stats.err
/home/531734/packages/quast/quast_libs/sambamba/sambamba_linux flagstat -t 9 VW4_HiFiasm_11and15_allReads/reads_stats/temp_output/assemblies_VW4_HiFiasm_asm_11_hic_hap1and2_p_ctg.bam \
> VW4_HiFiasm_11and15_allReads/reads_stats/assemblies_VW4_HiFiasm_asm_11_hic_hap1and2_p_ctg.stat \
2>> VW4_HiFiasm_11and15_allReads/reads_stats/reads_stats.err
/home/531734/packages/quast/quast_libs/sambamba/sambamba_linux flagstat -t 9 VW4_HiFiasm_11and15_allReads/reads_stats/temp_output/assemblies_VW4_HiFiasm_asm_15_hic_hap1and2_p_ctg.bam \
> VW4_HiFiasm_11and15_allReads/reads_stats/assemblies_VW4_HiFiasm_asm_15_hic_hap1and2_p_ctg.stat \
2>> VW4_HiFiasm_11and15_allReads/reads_stats/reads_stats.err
/home/531734/packages/quast/quast_libs/bedtools/bin/bedtools bamtobed -i VW4_HiFiasm_11and15_allReads/reads_stats/temp_output/assemblies_VW4_HiFiasm_asm_11_hic_hap1and2_p_ctg.bam \
> VW4_HiFiasm_11and15_allReads/reads_stats/temp_output/assemblies_VW4_HiFiasm_asm_11_hic_hap1and2_p_ctg.bed \
2>> VW4_HiFiasm_11and15_allReads/reads_stats/reads_stats.err
/home/531734/packages/quast/quast_libs/bedtools/bin/bedtools bamtobed -i VW4_HiFiasm_11and15_allReads/reads_stats/temp_output/assemblies_VW4_HiFiasm_asm_15_hic_hap1and2_p_ctg.bam \
> VW4_HiFiasm_11and15_allReads/reads_stats/temp_output/assemblies_VW4_HiFiasm_asm_15_hic_hap1and2_p_ctg.bed \
2>> VW4_HiFiasm_11and15_allReads/reads_stats/reads_stats.err
sort -k1,1 -k2,2n VW4_HiFiasm_11and15_allReads/reads_stats/temp_output/assemblies_VW4_HiFiasm_asm_11_hic_hap1and2_p_ctg.bed \
> VW4_HiFiasm_11and15_allReads/reads_stats/temp_output/assemblies_VW4_HiFiasm_asm_11_hic_hap1and2_p_ctg.sorted.bed \
2>> VW4_HiFiasm_11and15_allReads/reads_stats/reads_stats.err
/home/531734/packages/quast/quast_libs/bedtools/bin/bedtools genomecov -i VW4_HiFiasm_11and15_allReads/reads_stats/temp_output/assemblies_VW4_HiFiasm_asm_11_hic_hap1and2_p_ctg.sorted.bed \
-g VW4_HiFiasm_11and15_allReads/quast_corrected_input/assemblies_VW4_HiFiasm_asm_11_hic_hap1and2_p_ctg.fasta.fai \
> VW4_HiFiasm_11and15_allReads/reads_stats/temp_output/assemblies_VW4_HiFiasm_asm_11_hic_hap1and2_p_ctg.genomecov \
2>> VW4_HiFiasm_11and15_allReads/reads_stats/reads_stats.err
sort -k1,1 -k2,2n VW4_HiFiasm_11and15_allReads/reads_stats/temp_output/assemblies_VW4_HiFiasm_asm_15_hic_hap1and2_p_ctg.bed \
> VW4_HiFiasm_11and15_allReads/reads_stats/temp_output/assemblies_VW4_HiFiasm_asm_15_hic_hap1and2_p_ctg.sorted.bed \
2>> VW4_HiFiasm_11and15_allReads/reads_stats/reads_stats.err
/home/531734/packages/quast/quast_libs/bedtools/bin/bedtools genomecov -i VW4_HiFiasm_11and15_allReads/reads_stats/temp_output/assemblies_VW4_HiFiasm_asm_15_hic_hap1and2_p_ctg.sorted.bed \
-g VW4_HiFiasm_11and15_allReads/quast_corrected_input/assemblies_VW4_HiFiasm_asm_15_hic_hap1and2_p_ctg.fasta.fai \
> VW4_HiFiasm_11and15_allReads/reads_stats/temp_output/assemblies_VW4_HiFiasm_asm_15_hic_hap1and2_p_ctg.genomecov \
2>> VW4_HiFiasm_11and15_allReads/reads_stats/reads_stats.err
  1  Analysis is finished.
  2  Analysis is finished.
  Creating total report...
    saved to /home/531734/mike/karyon_longread/VW4_HiFiasm_11and15_allReads/reads_stats/reads_report.txt, reads_report.tsv, and reads_report.tex
Done.

2021-09-19 22:21:40
Running Basic statistics processor...
  Contig files: 
    1  assemblies_VW4_HiFiasm.asm.11.hic.hap1and2.p_ctg
    2  assemblies_VW4_HiFiasm.asm.15.hic.hap1and2.p_ctg

'ascii' codec can't decode byte 0xef in position 14588: ordinal not in range(128)
Traceback (most recent call last):
  File "/home/531734/packages/quast/quast.py", line 309, in <module>
    return_code = main(sys.argv[1:])
  File "/home/531734/packages/quast/quast.py", line 149, in main
    icarus_gc_fpath, circos_gc_fpath = basic_stats.do(ref_fpath, contigs_fpaths, os.path.join(output_dirpath, 'basic_stats'), output_dirpath)
  File "/home/531734/packages/quast/quast_libs/basic_stats.py", line 267, in do
    html_saver.save_contigs_lengths(results_dir, contigs_fpaths, corr_lists_of_lengths)
  File "/home/531734/packages/quast/quast_libs/html_saver/html_saver.py", line 479, in save_contigs_lengths
    append(results_dirpath, json_fpath, 'contigsLengths')
  File "/home/531734/packages/quast/quast_libs/html_saver/html_saver.py", line 220, in append
    init(html_fpath)
  File "/home/531734/packages/quast/quast_libs/html_saver/html_saver.py", line 115, in init
    script_texts.append(js_html(aux_f_rel_path))
  File "/home/531734/packages/quast/quast_libs/html_saver/html_saver.py", line 95, in js_html
    return '<script type="text/javascript">\n' + open(get_real_path(script_rel_path)).read() + '\n</script>\n'
  File "/home/531734/.conda/envs/appraisal/lib/python3.6/encodings/ascii.py", line 26, in decode
    return codecs.ascii_decode(input, self.errors)[0]
UnicodeDecodeError: 'ascii' codec can't decode byte 0xef in position 14588: ordinal not in range(128)
