

Building a new DB, current time: 09/18/2021 23:28:04
New DB name:   /home/531734/mike/karyon_longread/data/database/VW4_HiFiasm.asm.11.hic.hap1and2.p_ctg/initial_VW4_HiFiasm.asm.11.hic.hap1and2.p_ctg
New DB title:  data/assemblies/VW4_HiFiasm.asm.11.hic.hap1and2.p_ctg.fasta
Sequence type: Nucleotide


Building a new DB, current time: 09/18/2021 23:28:04
New DB name:   /home/531734/mike/karyon_longread/data/database/VW4_HiFiasm.asm.11.hic.hap1and2.p_ctg/initial_VW4_HiFiasm.asm.11.hic.hap1and2.p_ctg
New DB title:  data/assemblies/VW4_HiFiasm.asm.11.hic.hap1and2.p_ctg.fasta
Sequence type: Nucleotide


Building a new DB, current time: 09/18/2021 23:28:04
New DB name:   /home/531734/mike/karyon_longread/data/database/VW4_HiFiasm.asm.11.hic.hap1and2.p_ctg/initial_VW4_HiFiasm.asm.11.hic.hap1and2.p_ctg
New DB title:  data/assemblies/VW4_HiFiasm.asm.11.hic.hap1and2.p_ctg.fasta
Sequence type: Nucleotide
Keep MBits: T
Maximum file size: 1000000000B
Keep MBits: T
Maximum file size: 1000000000B
Keep MBits: T
Maximum file size: 1000000000B


Building a new DB, current time: 09/18/2021 23:28:06
New DB name:   /home/531734/mike/karyon_longread/data/database/VW4_HiFiasm.asm.11.hic.hap1and2.p_ctg/initial_VW4_HiFiasm.asm.11.hic.hap1and2.p_ctg
New DB title:  data/assemblies/VW4_HiFiasm.asm.11.hic.hap1and2.p_ctg.fasta
Sequence type: Nucleotide
Keep MBits: T
Maximum file size: 1000000000B
Adding sequences from FASTA; added 716 sequences in 3.68045 seconds.


Building a new DB, current time: 09/18/2021 23:28:08
New DB name:   /home/531734/mike/karyon_longread/data/database/VW4_HiFiasm.asm.11.hic.hap1and2.p_ctg/initial_VW4_HiFiasm.asm.11.hic.hap1and2.p_ctg
New DB title:  data/assemblies/VW4_HiFiasm.asm.11.hic.hap1and2.p_ctg.fasta
Sequence type: Nucleotide
Keep MBits: T
Maximum file size: 1000000000B
Adding sequences from FASTA; added 716 sequences in 4.17388 seconds.
Adding sequences from FASTA; added 716 sequences in 4.51535 seconds.


Building a new DB, current time: 09/18/2021 23:28:09
New DB name:   /home/531734/mike/karyon_longread/data/database/VW4_HiFiasm.asm.11.hic.hap1and2.p_ctg/initial_VW4_HiFiasm.asm.11.hic.hap1and2.p_ctg
New DB title:  data/assemblies/VW4_HiFiasm.asm.11.hic.hap1and2.p_ctg.fasta
Sequence type: Nucleotide
Keep MBits: T
Maximum file size: 1000000000B
Adding sequences from FASTA; added 716 sequences in 3.91223 seconds.


Building a new DB, current time: 09/18/2021 23:28:11
New DB name:   /home/531734/mike/karyon_longread/data/database/VW4_HiFiasm.asm.11.hic.hap1and2.p_ctg/initial_VW4_HiFiasm.asm.11.hic.hap1and2.p_ctg
New DB title:  data/assemblies/VW4_HiFiasm.asm.11.hic.hap1and2.p_ctg.fasta
Sequence type: Nucleotide
Keep MBits: T
Maximum file size: 1000000000B


Building a new DB, current time: 09/18/2021 23:28:11
New DB name:   /home/531734/mike/karyon_longread/data/database/VW4_HiFiasm.asm.11.hic.hap1and2.p_ctg/initial_VW4_HiFiasm.asm.11.hic.hap1and2.p_ctg
New DB title:  data/assemblies/VW4_HiFiasm.asm.11.hic.hap1and2.p_ctg.fasta
Sequence type: Nucleotide
Keep MBits: T
Maximum file size: 1000000000B
Adding sequences from FASTA; added 716 sequences in 4.14109 seconds.


Building a new DB, current time: 09/18/2021 23:28:12
New DB name:   /home/531734/mike/karyon_longread/data/database/VW4_HiFiasm.asm.11.hic.hap1and2.p_ctg/initial_VW4_HiFiasm.asm.11.hic.hap1and2.p_ctg
New DB title:  data/assemblies/VW4_HiFiasm.asm.11.hic.hap1and2.p_ctg.fasta
Sequence type: Nucleotide
Keep MBits: T
Maximum file size: 1000000000B


Building a new DB, current time: 09/18/2021 23:28:13
New DB name:   /home/531734/mike/karyon_longread/data/database/VW4_HiFiasm.asm.11.hic.hap1and2.p_ctg/initial_VW4_HiFiasm.asm.11.hic.hap1and2.p_ctg
New DB title:  data/assemblies/VW4_HiFiasm.asm.11.hic.hap1and2.p_ctg.fasta
Sequence type: Nucleotide
Keep MBits: T
Maximum file size: 1000000000B
Adding sequences from FASTA; added 716 sequences in 4.36749 seconds.


Building a new DB, current time: 09/18/2021 23:28:13
New DB name:   /home/531734/mike/karyon_longread/data/database/VW4_HiFiasm.asm.11.hic.hap1and2.p_ctg/initial_VW4_HiFiasm.asm.11.hic.hap1and2.p_ctg
New DB title:  data/assemblies/VW4_HiFiasm.asm.11.hic.hap1and2.p_ctg.fasta
Sequence type: Nucleotide
Keep MBits: T
Maximum file size: 1000000000B


Building a new DB, current time: 09/18/2021 23:28:15
New DB name:   /home/531734/mike/karyon_longread/data/database/VW4_HiFiasm.asm.11.hic.hap1and2.p_ctg/initial_VW4_HiFiasm.asm.11.hic.hap1and2.p_ctg
New DB title:  data/assemblies/VW4_HiFiasm.asm.11.hic.hap1and2.p_ctg.fasta
Sequence type: Nucleotide
Keep MBits: T
Maximum file size: 1000000000B


Building a new DB, current time: 09/18/2021 23:28:16
New DB name:   /home/531734/mike/karyon_longread/data/database/VW4_HiFiasm.asm.11.hic.hap1and2.p_ctg/initial_VW4_HiFiasm.asm.11.hic.hap1and2.p_ctg
New DB title:  data/assemblies/VW4_HiFiasm.asm.11.hic.hap1and2.p_ctg.fasta
Sequence type: Nucleotide
Keep MBits: T
Maximum file size: 1000000000B
Adding sequences from FASTA; added 716 sequences in 4.79826 seconds.
Adding sequences from FASTA; added 716 sequences in 5.10389 seconds.
Adding sequences from FASTA; added 716 sequences in 4.58714 seconds.
Adding sequences from FASTA; added 716 sequences in 5.04207 seconds.
Adding sequences from FASTA; added 716 sequences in 4.91524 seconds.
Adding sequences from FASTA; added 716 sequences in 4.41998 seconds.
Adding sequences from FASTA; added 716 sequences in 4.6642 seconds.


Building a new DB, current time: 09/18/2021 23:31:21
New DB name:   /home/531734/mike/karyon_longread/data/database/VW4_HiFiasm.asm.11.hic.hap1and2.p_ctg/initial_VW4_HiFiasm.asm.11.hic.hap1and2.p_ctg
New DB title:  data/assemblies/VW4_HiFiasm.asm.11.hic.hap1and2.p_ctg.fasta
Sequence type: Nucleotide
Keep MBits: T
Maximum file size: 1000000000B
Adding sequences from FASTA; added 716 sequences in 4.73196 seconds.


Building a new DB, current time: 09/18/2021 23:38:17
New DB name:   /home/531734/mike/karyon_longread/data/database/VW4_HiFiasm.asm.11.hic.hap1and2.p_ctg/initial_VW4_HiFiasm.asm.11.hic.hap1and2.p_ctg
New DB title:  data/assemblies/VW4_HiFiasm.asm.11.hic.hap1and2.p_ctg.fasta
Sequence type: Nucleotide
Keep MBits: T
Maximum file size: 1000000000B
Adding sequences from FASTA; added 716 sequences in 4.05605 seconds.


Building a new DB, current time: 09/18/2021 23:38:22
New DB name:   /home/531734/mike/karyon_longread/data/database/VW4_HiFiasm.asm.11.hic.hap1and2.p_ctg/initial_VW4_HiFiasm.asm.11.hic.hap1and2.p_ctg
New DB title:  data/assemblies/VW4_HiFiasm.asm.11.hic.hap1and2.p_ctg.fasta
Sequence type: Nucleotide
Keep MBits: T
Maximum file size: 1000000000B


Building a new DB, current time: 09/18/2021 23:38:22
New DB name:   /home/531734/mike/karyon_longread/data/database/VW4_HiFiasm.asm.11.hic.hap1and2.p_ctg/initial_VW4_HiFiasm.asm.11.hic.hap1and2.p_ctg
New DB title:  data/assemblies/VW4_HiFiasm.asm.11.hic.hap1and2.p_ctg.fasta
Sequence type: Nucleotide
Keep MBits: T
Maximum file size: 1000000000B


Building a new DB, current time: 09/18/2021 23:38:23
New DB name:   /home/531734/mike/karyon_longread/data/database/VW4_HiFiasm.asm.11.hic.hap1and2.p_ctg/initial_VW4_HiFiasm.asm.11.hic.hap1and2.p_ctg
New DB title:  data/assemblies/VW4_HiFiasm.asm.11.hic.hap1and2.p_ctg.fasta
Sequence type: Nucleotide


Building a new DB, current time: 09/18/2021 23:38:23
New DB name:   /home/531734/mike/karyon_longread/data/database/VW4_HiFiasm.asm.11.hic.hap1and2.p_ctg/initial_VW4_HiFiasm.asm.11.hic.hap1and2.p_ctg
New DB title:  data/assemblies/VW4_HiFiasm.asm.11.hic.hap1and2.p_ctg.fasta
Sequence type: Nucleotide
Keep MBits: T
Maximum file size: 1000000000B


Building a new DB, current time: 09/18/2021 23:38:23
New DB name:   /home/531734/mike/karyon_longread/data/database/VW4_HiFiasm.asm.11.hic.hap1and2.p_ctg/initial_VW4_HiFiasm.asm.11.hic.hap1and2.p_ctg
New DB title:  data/assemblies/VW4_HiFiasm.asm.11.hic.hap1and2.p_ctg.fasta
Sequence type: Nucleotide
Keep MBits: T
Maximum file size: 1000000000B
Keep MBits: T
Maximum file size: 1000000000B


Building a new DB, current time: 09/18/2021 23:38:23
New DB name:   /home/531734/mike/karyon_longread/data/database/VW4_HiFiasm.asm.11.hic.hap1and2.p_ctg/initial_VW4_HiFiasm.asm.11.hic.hap1and2.p_ctg
New DB title:  data/assemblies/VW4_HiFiasm.asm.11.hic.hap1and2.p_ctg.fasta
Sequence type: Nucleotide
Keep MBits: T
Maximum file size: 1000000000B


Building a new DB, current time: 09/18/2021 23:38:23
New DB name:   /home/531734/mike/karyon_longread/data/database/VW4_HiFiasm.asm.11.hic.hap1and2.p_ctg/initial_VW4_HiFiasm.asm.11.hic.hap1and2.p_ctg
New DB title:  data/assemblies/VW4_HiFiasm.asm.11.hic.hap1and2.p_ctg.fasta
Sequence type: Nucleotide
Keep MBits: T
Maximum file size: 1000000000B


Building a new DB, current time: 09/18/2021 23:38:23
New DB name:   /home/531734/mike/karyon_longread/data/database/VW4_HiFiasm.asm.11.hic.hap1and2.p_ctg/initial_VW4_HiFiasm.asm.11.hic.hap1and2.p_ctg
New DB title:  data/assemblies/VW4_HiFiasm.asm.11.hic.hap1and2.p_ctg.fasta
Sequence type: Nucleotide
Keep MBits: T
Maximum file size: 1000000000B


Building a new DB, current time: 09/18/2021 23:38:23
New DB name:   /home/531734/mike/karyon_longread/data/database/VW4_HiFiasm.asm.11.hic.hap1and2.p_ctg/initial_VW4_HiFiasm.asm.11.hic.hap1and2.p_ctg
New DB title:  data/assemblies/VW4_HiFiasm.asm.11.hic.hap1and2.p_ctg.fasta
Sequence type: Nucleotide
Keep MBits: T
Maximum file size: 1000000000B


Building a new DB, current time: 09/18/2021 23:38:23
New DB name:   /home/531734/mike/karyon_longread/data/database/VW4_HiFiasm.asm.11.hic.hap1and2.p_ctg/initial_VW4_HiFiasm.asm.11.hic.hap1and2.p_ctg
New DB title:  data/assemblies/VW4_HiFiasm.asm.11.hic.hap1and2.p_ctg.fasta
Sequence type: Nucleotide
Keep MBits: T
Maximum file size: 1000000000B


Building a new DB, current time: 09/18/2021 23:38:23
New DB name:   /home/531734/mike/karyon_longread/data/database/VW4_HiFiasm.asm.11.hic.hap1and2.p_ctg/initial_VW4_HiFiasm.asm.11.hic.hap1and2.p_ctg
New DB title:  data/assemblies/VW4_HiFiasm.asm.11.hic.hap1and2.p_ctg.fasta
Sequence type: Nucleotide


Building a new DB, current time: 09/18/2021 23:38:23
New DB name:   /home/531734/mike/karyon_longread/data/database/VW4_HiFiasm.asm.11.hic.hap1and2.p_ctg/initial_VW4_HiFiasm.asm.11.hic.hap1and2.p_ctg
New DB title:  data/assemblies/VW4_HiFiasm.asm.11.hic.hap1and2.p_ctg.fasta
Sequence type: Nucleotide
Keep MBits: T
Maximum file size: 1000000000B
Keep MBits: T
Maximum file size: 1000000000B


Building a new DB, current time: 09/18/2021 23:38:23
New DB name:   /home/531734/mike/karyon_longread/data/database/VW4_HiFiasm.asm.11.hic.hap1and2.p_ctg/initial_VW4_HiFiasm.asm.11.hic.hap1and2.p_ctg
New DB title:  data/assemblies/VW4_HiFiasm.asm.11.hic.hap1and2.p_ctg.fasta
Sequence type: Nucleotide
Keep MBits: T
Maximum file size: 1000000000B


Building a new DB, current time: 09/18/2021 23:38:23
New DB name:   /home/531734/mike/karyon_longread/data/database/VW4_HiFiasm.asm.11.hic.hap1and2.p_ctg/initial_VW4_HiFiasm.asm.11.hic.hap1and2.p_ctg
New DB title:  data/assemblies/VW4_HiFiasm.asm.11.hic.hap1and2.p_ctg.fasta
Sequence type: Nucleotide
Keep MBits: T
Maximum file size: 1000000000B


Building a new DB, current time: 09/18/2021 23:38:23
New DB name:   /home/531734/mike/karyon_longread/data/database/VW4_HiFiasm.asm.11.hic.hap1and2.p_ctg/initial_VW4_HiFiasm.asm.11.hic.hap1and2.p_ctg
New DB title:  data/assemblies/VW4_HiFiasm.asm.11.hic.hap1and2.p_ctg.fasta
Sequence type: Nucleotide


Building a new DB, current time: 09/18/2021 23:38:23
New DB name:   /home/531734/mike/karyon_longread/data/database/VW4_HiFiasm.asm.11.hic.hap1and2.p_ctg/initial_VW4_HiFiasm.asm.11.hic.hap1and2.p_ctg
New DB title:  data/assemblies/VW4_HiFiasm.asm.11.hic.hap1and2.p_ctg.fasta
Sequence type: Nucleotide


Building a new DB, current time: 09/18/2021 23:38:23
New DB name:   /home/531734/mike/karyon_longread/data/database/VW4_HiFiasm.asm.11.hic.hap1and2.p_ctg/initial_VW4_HiFiasm.asm.11.hic.hap1and2.p_ctg
New DB title:  data/assemblies/VW4_HiFiasm.asm.11.hic.hap1and2.p_ctg.fasta
Sequence type: Nucleotide
Keep MBits: T
Maximum file size: 1000000000B
Keep MBits: T
Maximum file size: 1000000000B
Keep MBits: T
Maximum file size: 1000000000B


Building a new DB, current time: 09/18/2021 23:38:23
New DB name:   /home/531734/mike/karyon_longread/data/database/VW4_HiFiasm.asm.11.hic.hap1and2.p_ctg/initial_VW4_HiFiasm.asm.11.hic.hap1and2.p_ctg
New DB title:  data/assemblies/VW4_HiFiasm.asm.11.hic.hap1and2.p_ctg.fasta
Sequence type: Nucleotide
Keep MBits: T
Maximum file size: 1000000000B


Building a new DB, current time: 09/18/2021 23:38:24
New DB name:   /home/531734/mike/karyon_longread/data/database/VW4_HiFiasm.asm.11.hic.hap1and2.p_ctg/initial_VW4_HiFiasm.asm.11.hic.hap1and2.p_ctg
New DB title:  data/assemblies/VW4_HiFiasm.asm.11.hic.hap1and2.p_ctg.fasta
Sequence type: Nucleotide
Keep MBits: T
Maximum file size: 1000000000B


Building a new DB, current time: 09/18/2021 23:38:24
New DB name:   /home/531734/mike/karyon_longread/data/database/VW4_HiFiasm.asm.11.hic.hap1and2.p_ctg/initial_VW4_HiFiasm.asm.11.hic.hap1and2.p_ctg
New DB title:  data/assemblies/VW4_HiFiasm.asm.11.hic.hap1and2.p_ctg.fasta
Sequence type: Nucleotide
Keep MBits: T
Maximum file size: 1000000000B


Building a new DB, current time: 09/18/2021 23:38:24
New DB name:   /home/531734/mike/karyon_longread/data/database/VW4_HiFiasm.asm.11.hic.hap1and2.p_ctg/initial_VW4_HiFiasm.asm.11.hic.hap1and2.p_ctg
New DB title:  data/assemblies/VW4_HiFiasm.asm.11.hic.hap1and2.p_ctg.fasta
Sequence type: Nucleotide
Keep MBits: T
Maximum file size: 1000000000B
Adding sequences from FASTA; added 716 sequences in 4.6456 seconds.
Adding sequences from FASTA; added 716 sequences in 4.52509 seconds.
Adding sequences from FASTA; added 716 sequences in 4.50683 seconds.
Adding sequences from FASTA; added 716 sequences in 4.61026 seconds.
Adding sequences from FASTA; added 716 sequences in 4.6441 seconds.
Adding sequences from FASTA; added 716 sequences in 4.6445 seconds.
Adding sequences from FASTA; added 716 sequences in 5.05838 seconds.
Adding sequences from FASTA; added 716 sequences in 5.36523 seconds.
Adding sequences from FASTA; added 716 sequences in 6.19368 seconds.
Adding sequences from FASTA; added 716 sequences in 6.57423 seconds.
Adding sequences from FASTA; added 716 sequences in 6.55055 seconds.
Adding sequences from FASTA; added 716 sequences in 6.73646 seconds.


Building a new DB, current time: 09/18/2021 23:38:30
New DB name:   /home/531734/mike/karyon_longread/data/database/VW4_HiFiasm.asm.11.hic.hap1and2.p_ctg/initial_VW4_HiFiasm.asm.11.hic.hap1and2.p_ctg
New DB title:  data/assemblies/VW4_HiFiasm.asm.11.hic.hap1and2.p_ctg.fasta
Sequence type: Nucleotide
Keep MBits: T
Maximum file size: 1000000000B
Adding sequences from FASTA; added 716 sequences in 6.79773 seconds.
Adding sequences from FASTA; added 716 sequences in 6.85803 seconds.
Adding sequences from FASTA; added 716 sequences in 7.04725 seconds.
Adding sequences from FASTA; added 716 sequences in 7.011 seconds.
Adding sequences from FASTA; added 716 sequences in 7.36734 seconds.
Adding sequences from FASTA; added 716 sequences in 7.6966 seconds.


Building a new DB, current time: 09/18/2021 23:38:31
New DB name:   /home/531734/mike/karyon_longread/data/database/VW4_HiFiasm.asm.11.hic.hap1and2.p_ctg/initial_VW4_HiFiasm.asm.11.hic.hap1and2.p_ctg
New DB title:  data/assemblies/VW4_HiFiasm.asm.11.hic.hap1and2.p_ctg.fasta
Sequence type: Nucleotide
Keep MBits: T
Maximum file size: 1000000000B
Adding sequences from FASTA; added 716 sequences in 7.10267 seconds.


Building a new DB, current time: 09/18/2021 23:38:31
New DB name:   /home/531734/mike/karyon_longread/data/database/VW4_HiFiasm.asm.11.hic.hap1and2.p_ctg/initial_VW4_HiFiasm.asm.11.hic.hap1and2.p_ctg
New DB title:  data/assemblies/VW4_HiFiasm.asm.11.hic.hap1and2.p_ctg.fasta
Sequence type: Nucleotide


Building a new DB, current time: 09/18/2021 23:38:31
New DB name:   /home/531734/mike/karyon_longread/data/database/VW4_HiFiasm.asm.11.hic.hap1and2.p_ctg/initial_VW4_HiFiasm.asm.11.hic.hap1and2.p_ctg
New DB title:  data/assemblies/VW4_HiFiasm.asm.11.hic.hap1and2.p_ctg.fasta
Sequence type: Nucleotide
Keep MBits: T
Maximum file size: 1000000000B
Keep MBits: T
Maximum file size: 1000000000B
Adding sequences from FASTA; added 716 sequences in 7.27815 seconds.
Adding sequences from FASTA; added 716 sequences in 7.24105 seconds.


Building a new DB, current time: 09/18/2021 23:38:31
New DB name:   /home/531734/mike/karyon_longread/data/database/VW4_HiFiasm.asm.11.hic.hap1and2.p_ctg/initial_VW4_HiFiasm.asm.11.hic.hap1and2.p_ctg
New DB title:  data/assemblies/VW4_HiFiasm.asm.11.hic.hap1and2.p_ctg.fasta
Sequence type: Nucleotide
Keep MBits: T
Maximum file size: 1000000000B
Adding sequences from FASTA; added 716 sequences in 3.99658 seconds.


Building a new DB, current time: 09/18/2021 23:38:35
New DB name:   /home/531734/mike/karyon_longread/data/database/VW4_HiFiasm.asm.11.hic.hap1and2.p_ctg/initial_VW4_HiFiasm.asm.11.hic.hap1and2.p_ctg
New DB title:  data/assemblies/VW4_HiFiasm.asm.11.hic.hap1and2.p_ctg.fasta
Sequence type: Nucleotide
Keep MBits: T
Maximum file size: 1000000000B


Building a new DB, current time: 09/18/2021 23:38:35
New DB name:   /home/531734/mike/karyon_longread/data/database/VW4_HiFiasm.asm.11.hic.hap1and2.p_ctg/initial_VW4_HiFiasm.asm.11.hic.hap1and2.p_ctg
New DB title:  data/assemblies/VW4_HiFiasm.asm.11.hic.hap1and2.p_ctg.fasta
Sequence type: Nucleotide
Keep MBits: T
Maximum file size: 1000000000B
Adding sequences from FASTA; added 716 sequences in 4.08117 seconds.
Adding sequences from FASTA; added 716 sequences in 4.06407 seconds.


Building a new DB, current time: 09/18/2021 23:38:35
New DB name:   /home/531734/mike/karyon_longread/data/database/VW4_HiFiasm.asm.11.hic.hap1and2.p_ctg/initial_VW4_HiFiasm.asm.11.hic.hap1and2.p_ctg
New DB title:  data/assemblies/VW4_HiFiasm.asm.11.hic.hap1and2.p_ctg.fasta
Sequence type: Nucleotide
Keep MBits: T
Maximum file size: 1000000000B
Adding sequences from FASTA; added 716 sequences in 4.24004 seconds.


Building a new DB, current time: 09/18/2021 23:38:35
New DB name:   /home/531734/mike/karyon_longread/data/database/VW4_HiFiasm.asm.11.hic.hap1and2.p_ctg/initial_VW4_HiFiasm.asm.11.hic.hap1and2.p_ctg
New DB title:  data/assemblies/VW4_HiFiasm.asm.11.hic.hap1and2.p_ctg.fasta
Sequence type: Nucleotide
Keep MBits: T
Maximum file size: 1000000000B
Adding sequences from FASTA; added 716 sequences in 4.04188 seconds.


Building a new DB, current time: 09/18/2021 23:38:36
New DB name:   /home/531734/mike/karyon_longread/data/database/VW4_HiFiasm.asm.11.hic.hap1and2.p_ctg/initial_VW4_HiFiasm.asm.11.hic.hap1and2.p_ctg
New DB title:  data/assemblies/VW4_HiFiasm.asm.11.hic.hap1and2.p_ctg.fasta
Sequence type: Nucleotide


Building a new DB, current time: 09/18/2021 23:38:36
New DB name:   /home/531734/mike/karyon_longread/data/database/VW4_HiFiasm.asm.11.hic.hap1and2.p_ctg/initial_VW4_HiFiasm.asm.11.hic.hap1and2.p_ctg
New DB title:  data/assemblies/VW4_HiFiasm.asm.11.hic.hap1and2.p_ctg.fasta
Sequence type: Nucleotide
Keep MBits: T
Maximum file size: 1000000000B
Keep MBits: T
Maximum file size: 1000000000B


Building a new DB, current time: 09/18/2021 23:38:36
New DB name:   /home/531734/mike/karyon_longread/data/database/VW4_HiFiasm.asm.11.hic.hap1and2.p_ctg/initial_VW4_HiFiasm.asm.11.hic.hap1and2.p_ctg
New DB title:  data/assemblies/VW4_HiFiasm.asm.11.hic.hap1and2.p_ctg.fasta
Sequence type: Nucleotide
Keep MBits: T
Maximum file size: 1000000000B


Building a new DB, current time: 09/18/2021 23:38:36
New DB name:   /home/531734/mike/karyon_longread/data/database/VW4_HiFiasm.asm.11.hic.hap1and2.p_ctg/initial_VW4_HiFiasm.asm.11.hic.hap1and2.p_ctg
New DB title:  data/assemblies/VW4_HiFiasm.asm.11.hic.hap1and2.p_ctg.fasta
Sequence type: Nucleotide
Keep MBits: T
Maximum file size: 1000000000B


Building a new DB, current time: 09/18/2021 23:38:36
New DB name:   /home/531734/mike/karyon_longread/data/database/VW4_HiFiasm.asm.11.hic.hap1and2.p_ctg/initial_VW4_HiFiasm.asm.11.hic.hap1and2.p_ctg
New DB title:  data/assemblies/VW4_HiFiasm.asm.11.hic.hap1and2.p_ctg.fasta
Sequence type: Nucleotide
Keep MBits: T
Maximum file size: 1000000000B


Building a new DB, current time: 09/18/2021 23:38:36
New DB name:   /home/531734/mike/karyon_longread/data/database/VW4_HiFiasm.asm.11.hic.hap1and2.p_ctg/initial_VW4_HiFiasm.asm.11.hic.hap1and2.p_ctg
New DB title:  data/assemblies/VW4_HiFiasm.asm.11.hic.hap1and2.p_ctg.fasta
Sequence type: Nucleotide
Keep MBits: T
Maximum file size: 1000000000B


Building a new DB, current time: 09/18/2021 23:38:36
New DB name:   /home/531734/mike/karyon_longread/data/database/VW4_HiFiasm.asm.11.hic.hap1and2.p_ctg/initial_VW4_HiFiasm.asm.11.hic.hap1and2.p_ctg
New DB title:  data/assemblies/VW4_HiFiasm.asm.11.hic.hap1and2.p_ctg.fasta
Sequence type: Nucleotide
Keep MBits: T
Maximum file size: 1000000000B


Building a new DB, current time: 09/18/2021 23:38:36
New DB name:   /home/531734/mike/karyon_longread/data/database/VW4_HiFiasm.asm.11.hic.hap1and2.p_ctg/initial_VW4_HiFiasm.asm.11.hic.hap1and2.p_ctg
New DB title:  data/assemblies/VW4_HiFiasm.asm.11.hic.hap1and2.p_ctg.fasta
Sequence type: Nucleotide
Keep MBits: T
Maximum file size: 1000000000B


Building a new DB, current time: 09/18/2021 23:38:36
New DB name:   /home/531734/mike/karyon_longread/data/database/VW4_HiFiasm.asm.11.hic.hap1and2.p_ctg/initial_VW4_HiFiasm.asm.11.hic.hap1and2.p_ctg
New DB title:  data/assemblies/VW4_HiFiasm.asm.11.hic.hap1and2.p_ctg.fasta
Sequence type: Nucleotide
Keep MBits: T
Maximum file size: 1000000000B


Building a new DB, current time: 09/18/2021 23:38:36
New DB name:   /home/531734/mike/karyon_longread/data/database/VW4_HiFiasm.asm.11.hic.hap1and2.p_ctg/initial_VW4_HiFiasm.asm.11.hic.hap1and2.p_ctg
New DB title:  data/assemblies/VW4_HiFiasm.asm.11.hic.hap1and2.p_ctg.fasta
Sequence type: Nucleotide
Keep MBits: T
Maximum file size: 1000000000B


Building a new DB, current time: 09/18/2021 23:38:36
New DB name:   /home/531734/mike/karyon_longread/data/database/VW4_HiFiasm.asm.11.hic.hap1and2.p_ctg/initial_VW4_HiFiasm.asm.11.hic.hap1and2.p_ctg
New DB title:  data/assemblies/VW4_HiFiasm.asm.11.hic.hap1and2.p_ctg.fasta
Sequence type: Nucleotide


Building a new DB, current time: 09/18/2021 23:38:36
New DB name:   /home/531734/mike/karyon_longread/data/database/VW4_HiFiasm.asm.11.hic.hap1and2.p_ctg/initial_VW4_HiFiasm.asm.11.hic.hap1and2.p_ctg
New DB title:  data/assemblies/VW4_HiFiasm.asm.11.hic.hap1and2.p_ctg.fasta
Sequence type: Nucleotide
Keep MBits: T
Maximum file size: 1000000000B
Keep MBits: T
Maximum file size: 1000000000B


Building a new DB, current time: 09/18/2021 23:38:36
New DB name:   /home/531734/mike/karyon_longread/data/database/VW4_HiFiasm.asm.11.hic.hap1and2.p_ctg/initial_VW4_HiFiasm.asm.11.hic.hap1and2.p_ctg
New DB title:  data/assemblies/VW4_HiFiasm.asm.11.hic.hap1and2.p_ctg.fasta
Sequence type: Nucleotide
Keep MBits: T
Maximum file size: 1000000000B


Building a new DB, current time: 09/18/2021 23:38:36
New DB name:   /home/531734/mike/karyon_longread/data/database/VW4_HiFiasm.asm.11.hic.hap1and2.p_ctg/initial_VW4_HiFiasm.asm.11.hic.hap1and2.p_ctg
New DB title:  data/assemblies/VW4_HiFiasm.asm.11.hic.hap1and2.p_ctg.fasta
Sequence type: Nucleotide
Keep MBits: T
Maximum file size: 1000000000B


Building a new DB, current time: 09/18/2021 23:38:37
New DB name:   /home/531734/mike/karyon_longread/data/database/VW4_HiFiasm.asm.11.hic.hap1and2.p_ctg/initial_VW4_HiFiasm.asm.11.hic.hap1and2.p_ctg
New DB title:  data/assemblies/VW4_HiFiasm.asm.11.hic.hap1and2.p_ctg.fasta
Sequence type: Nucleotide
Keep MBits: T
Maximum file size: 1000000000B


Building a new DB, current time: 09/18/2021 23:38:37
New DB name:   /home/531734/mike/karyon_longread/data/database/VW4_HiFiasm.asm.11.hic.hap1and2.p_ctg/initial_VW4_HiFiasm.asm.11.hic.hap1and2.p_ctg
New DB title:  data/assemblies/VW4_HiFiasm.asm.11.hic.hap1and2.p_ctg.fasta
Sequence type: Nucleotide
Keep MBits: T
Maximum file size: 1000000000B


Building a new DB, current time: 09/18/2021 23:38:37
New DB name:   /home/531734/mike/karyon_longread/data/database/VW4_HiFiasm.asm.11.hic.hap1and2.p_ctg/initial_VW4_HiFiasm.asm.11.hic.hap1and2.p_ctg
New DB title:  data/assemblies/VW4_HiFiasm.asm.11.hic.hap1and2.p_ctg.fasta
Sequence type: Nucleotide
Keep MBits: T
Maximum file size: 1000000000B


Building a new DB, current time: 09/18/2021 23:38:37
New DB name:   /home/531734/mike/karyon_longread/data/database/VW4_HiFiasm.asm.11.hic.hap1and2.p_ctg/initial_VW4_HiFiasm.asm.11.hic.hap1and2.p_ctg
New DB title:  data/assemblies/VW4_HiFiasm.asm.11.hic.hap1and2.p_ctg.fasta
Sequence type: Nucleotide
Keep MBits: T
Maximum file size: 1000000000B


Building a new DB, current time: 09/18/2021 23:38:37
New DB name:   /home/531734/mike/karyon_longread/data/database/VW4_HiFiasm.asm.11.hic.hap1and2.p_ctg/initial_VW4_HiFiasm.asm.11.hic.hap1and2.p_ctg
New DB title:  data/assemblies/VW4_HiFiasm.asm.11.hic.hap1and2.p_ctg.fasta
Sequence type: Nucleotide
Keep MBits: T
Maximum file size: 1000000000B


Building a new DB, current time: 09/18/2021 23:38:37
New DB name:   /home/531734/mike/karyon_longread/data/database/VW4_HiFiasm.asm.11.hic.hap1and2.p_ctg/initial_VW4_HiFiasm.asm.11.hic.hap1and2.p_ctg
New DB title:  data/assemblies/VW4_HiFiasm.asm.11.hic.hap1and2.p_ctg.fasta
Sequence type: Nucleotide
Keep MBits: T
Maximum file size: 1000000000B


Building a new DB, current time: 09/18/2021 23:38:37
New DB name:   /home/531734/mike/karyon_longread/data/database/VW4_HiFiasm.asm.11.hic.hap1and2.p_ctg/initial_VW4_HiFiasm.asm.11.hic.hap1and2.p_ctg
New DB title:  data/assemblies/VW4_HiFiasm.asm.11.hic.hap1and2.p_ctg.fasta
Sequence type: Nucleotide
Keep MBits: T
Maximum file size: 1000000000B


Building a new DB, current time: 09/18/2021 23:38:37
New DB name:   /home/531734/mike/karyon_longread/data/database/VW4_HiFiasm.asm.11.hic.hap1and2.p_ctg/initial_VW4_HiFiasm.asm.11.hic.hap1and2.p_ctg
New DB title:  data/assemblies/VW4_HiFiasm.asm.11.hic.hap1and2.p_ctg.fasta
Sequence type: Nucleotide
Keep MBits: T
Maximum file size: 1000000000B


Building a new DB, current time: 09/18/2021 23:38:37
New DB name:   /home/531734/mike/karyon_longread/data/database/VW4_HiFiasm.asm.11.hic.hap1and2.p_ctg/initial_VW4_HiFiasm.asm.11.hic.hap1and2.p_ctg
New DB title:  data/assemblies/VW4_HiFiasm.asm.11.hic.hap1and2.p_ctg.fasta
Sequence type: Nucleotide


Building a new DB, current time: 09/18/2021 23:38:37
New DB name:   /home/531734/mike/karyon_longread/data/database/VW4_HiFiasm.asm.11.hic.hap1and2.p_ctg/initial_VW4_HiFiasm.asm.11.hic.hap1and2.p_ctg
New DB title:  data/assemblies/VW4_HiFiasm.asm.11.hic.hap1and2.p_ctg.fasta
Sequence type: Nucleotide


Building a new DB, current time: 09/18/2021 23:38:37
New DB name:   /home/531734/mike/karyon_longread/data/database/VW4_HiFiasm.asm.11.hic.hap1and2.p_ctg/initial_VW4_HiFiasm.asm.11.hic.hap1and2.p_ctg
New DB title:  data/assemblies/VW4_HiFiasm.asm.11.hic.hap1and2.p_ctg.fasta
Sequence type: Nucleotide


Building a new DB, current time: 09/18/2021 23:38:37
New DB name:   /home/531734/mike/karyon_longread/data/database/VW4_HiFiasm.asm.11.hic.hap1and2.p_ctg/initial_VW4_HiFiasm.asm.11.hic.hap1and2.p_ctg
New DB title:  data/assemblies/VW4_HiFiasm.asm.11.hic.hap1and2.p_ctg.fasta
Sequence type: Nucleotide
Keep MBits: T
Maximum file size: 1000000000B
Keep MBits: T
Maximum file size: 1000000000B
Keep MBits: T
Maximum file size: 1000000000B
Keep MBits: T
Maximum file size: 1000000000B


Building a new DB, current time: 09/18/2021 23:38:38
New DB name:   /home/531734/mike/karyon_longread/data/database/VW4_HiFiasm.asm.11.hic.hap1and2.p_ctg/initial_VW4_HiFiasm.asm.11.hic.hap1and2.p_ctg
New DB title:  data/assemblies/VW4_HiFiasm.asm.11.hic.hap1and2.p_ctg.fasta
Sequence type: Nucleotide
Keep MBits: T
Maximum file size: 1000000000B


Building a new DB, current time: 09/18/2021 23:38:38
New DB name:   /home/531734/mike/karyon_longread/data/database/VW4_HiFiasm.asm.11.hic.hap1and2.p_ctg/initial_VW4_HiFiasm.asm.11.hic.hap1and2.p_ctg
New DB title:  data/assemblies/VW4_HiFiasm.asm.11.hic.hap1and2.p_ctg.fasta
Sequence type: Nucleotide


Building a new DB, current time: 09/18/2021 23:38:38
New DB name:   /home/531734/mike/karyon_longread/data/database/VW4_HiFiasm.asm.11.hic.hap1and2.p_ctg/initial_VW4_HiFiasm.asm.11.hic.hap1and2.p_ctg
New DB title:  data/assemblies/VW4_HiFiasm.asm.11.hic.hap1and2.p_ctg.fasta
Sequence type: Nucleotide
Keep MBits: T
Maximum file size: 1000000000B
Keep MBits: T
Maximum file size: 1000000000B


Building a new DB, current time: 09/18/2021 23:38:38
New DB name:   /home/531734/mike/karyon_longread/data/database/VW4_HiFiasm.asm.11.hic.hap1and2.p_ctg/initial_VW4_HiFiasm.asm.11.hic.hap1and2.p_ctg
New DB title:  data/assemblies/VW4_HiFiasm.asm.11.hic.hap1and2.p_ctg.fasta
Sequence type: Nucleotide
Keep MBits: T
Maximum file size: 1000000000B


Building a new DB, current time: 09/18/2021 23:38:38
New DB name:   /home/531734/mike/karyon_longread/data/database/VW4_HiFiasm.asm.11.hic.hap1and2.p_ctg/initial_VW4_HiFiasm.asm.11.hic.hap1and2.p_ctg
New DB title:  data/assemblies/VW4_HiFiasm.asm.11.hic.hap1and2.p_ctg.fasta
Sequence type: Nucleotide
Keep MBits: T
Maximum file size: 1000000000B


Building a new DB, current time: 09/18/2021 23:38:38
New DB name:   /home/531734/mike/karyon_longread/data/database/VW4_HiFiasm.asm.11.hic.hap1and2.p_ctg/initial_VW4_HiFiasm.asm.11.hic.hap1and2.p_ctg
New DB title:  data/assemblies/VW4_HiFiasm.asm.11.hic.hap1and2.p_ctg.fasta
Sequence type: Nucleotide


Building a new DB, current time: 09/18/2021 23:38:38
New DB name:   /home/531734/mike/karyon_longread/data/database/VW4_HiFiasm.asm.11.hic.hap1and2.p_ctg/initial_VW4_HiFiasm.asm.11.hic.hap1and2.p_ctg
New DB title:  data/assemblies/VW4_HiFiasm.asm.11.hic.hap1and2.p_ctg.fasta
Sequence type: Nucleotide
Keep MBits: T
Maximum file size: 1000000000B


Building a new DB, current time: 09/18/2021 23:38:38
New DB name:   /home/531734/mike/karyon_longread/data/database/VW4_HiFiasm.asm.11.hic.hap1and2.p_ctg/initial_VW4_HiFiasm.asm.11.hic.hap1and2.p_ctg
New DB title:  data/assemblies/VW4_HiFiasm.asm.11.hic.hap1and2.p_ctg.fasta
Sequence type: Nucleotide
Keep MBits: T
Maximum file size: 1000000000B
Keep MBits: T
Maximum file size: 1000000000B


Building a new DB, current time: 09/18/2021 23:38:38
New DB name:   /home/531734/mike/karyon_longread/data/database/VW4_HiFiasm.asm.11.hic.hap1and2.p_ctg/initial_VW4_HiFiasm.asm.11.hic.hap1and2.p_ctg
New DB title:  data/assemblies/VW4_HiFiasm.asm.11.hic.hap1and2.p_ctg.fasta
Sequence type: Nucleotide
Keep MBits: T
Maximum file size: 1000000000B


Building a new DB, current time: 09/18/2021 23:38:38
New DB name:   /home/531734/mike/karyon_longread/data/database/VW4_HiFiasm.asm.11.hic.hap1and2.p_ctg/initial_VW4_HiFiasm.asm.11.hic.hap1and2.p_ctg
New DB title:  data/assemblies/VW4_HiFiasm.asm.11.hic.hap1and2.p_ctg.fasta
Sequence type: Nucleotide
Keep MBits: T
Maximum file size: 1000000000B


Building a new DB, current time: 09/18/2021 23:38:38
New DB name:   /home/531734/mike/karyon_longread/data/database/VW4_HiFiasm.asm.11.hic.hap1and2.p_ctg/initial_VW4_HiFiasm.asm.11.hic.hap1and2.p_ctg
New DB title:  data/assemblies/VW4_HiFiasm.asm.11.hic.hap1and2.p_ctg.fasta
Sequence type: Nucleotide
Keep MBits: T
Maximum file size: 1000000000B


Building a new DB, current time: 09/18/2021 23:38:39
New DB name:   /home/531734/mike/karyon_longread/data/database/VW4_HiFiasm.asm.11.hic.hap1and2.p_ctg/initial_VW4_HiFiasm.asm.11.hic.hap1and2.p_ctg
New DB title:  data/assemblies/VW4_HiFiasm.asm.11.hic.hap1and2.p_ctg.fasta
Sequence type: Nucleotide
Keep MBits: T
Maximum file size: 1000000000B


Building a new DB, current time: 09/18/2021 23:38:39
New DB name:   /home/531734/mike/karyon_longread/data/database/VW4_HiFiasm.asm.11.hic.hap1and2.p_ctg/initial_VW4_HiFiasm.asm.11.hic.hap1and2.p_ctg
New DB title:  data/assemblies/VW4_HiFiasm.asm.11.hic.hap1and2.p_ctg.fasta
Sequence type: Nucleotide
Keep MBits: T
Maximum file size: 1000000000B


Building a new DB, current time: 09/18/2021 23:38:39
New DB name:   /home/531734/mike/karyon_longread/data/database/VW4_HiFiasm.asm.11.hic.hap1and2.p_ctg/initial_VW4_HiFiasm.asm.11.hic.hap1and2.p_ctg
New DB title:  data/assemblies/VW4_HiFiasm.asm.11.hic.hap1and2.p_ctg.fasta
Sequence type: Nucleotide
Keep MBits: T
Maximum file size: 1000000000B
Adding sequences from FASTA; added 716 sequences in 4.51444 seconds.
Adding sequences from FASTA; added 716 sequences in 4.47677 seconds.
Adding sequences from FASTA; added 716 sequences in 4.46515 seconds.
Adding sequences from FASTA; added 716 sequences in 4.45712 seconds.
Adding sequences from FASTA; added 716 sequences in 4.44485 seconds.
Adding sequences from FASTA; added 716 sequences in 4.44833 seconds.
Adding sequences from FASTA; added 716 sequences in 4.43312 seconds.
Adding sequences from FASTA; added 716 sequences in 4.45599 seconds.
Adding sequences from FASTA; added 716 sequences in 4.38029 seconds.
Adding sequences from FASTA; added 716 sequences in 4.84589 seconds.
Adding sequences from FASTA; added 716 sequences in 4.5278 seconds.
Adding sequences from FASTA; added 716 sequences in 4.34396 seconds.
Adding sequences from FASTA; added 716 sequences in 4.30543 seconds.
Adding sequences from FASTA; added 716 sequences in 4.29386 seconds.
Adding sequences from FASTA; added 716 sequences in 4.30815 seconds.
Adding sequences from FASTA; added 716 sequences in 4.47837 seconds.
Adding sequences from FASTA; added 716 sequences in 4.28146 seconds.
Adding sequences from FASTA; added 716 sequences in 4.20812 seconds.
Adding sequences from FASTA; added 716 sequences in 4.23486 seconds.
Adding sequences from FASTA; added 716 sequences in 4.54772 seconds.
Adding sequences from FASTA; added 716 sequences in 5.22067 seconds.
Adding sequences from FASTA; added 716 sequences in 5.18327 seconds.
Adding sequences from FASTA; added 716 sequences in 5.09608 seconds.
Adding sequences from FASTA; added 716 sequences in 5.24884 seconds.
Adding sequences from FASTA; added 716 sequences in 5.03742 seconds.
Adding sequences from FASTA; added 716 sequences in 5.05486 seconds.
Adding sequences from FASTA; added 716 sequences in 4.99175 seconds.
Adding sequences from FASTA; added 716 sequences in 5.02384 seconds.
Adding sequences from FASTA; added 716 sequences in 5.03162 seconds.
Adding sequences from FASTA; added 716 sequences in 4.92027 seconds.
Adding sequences from FASTA; added 716 sequences in 5.0696 seconds.
Adding sequences from FASTA; added 716 sequences in 4.86207 seconds.
Adding sequences from FASTA; added 716 sequences in 4.87944 seconds.
Adding sequences from FASTA; added 716 sequences in 4.73902 seconds.
Adding sequences from FASTA; added 716 sequences in 4.67202 seconds.
Adding sequences from FASTA; added 716 sequences in 4.8057 seconds.
Adding sequences from FASTA; added 716 sequences in 4.79796 seconds.
Adding sequences from FASTA; added 716 sequences in 4.99873 seconds.
Adding sequences from FASTA; added 716 sequences in 4.70114 seconds.
Adding sequences from FASTA; added 716 sequences in 4.97122 seconds.
Adding sequences from FASTA; added 716 sequences in 4.55298 seconds.
Adding sequences from FASTA; added 716 sequences in 4.49364 seconds.
Adding sequences from FASTA; added 716 sequences in 4.58275 seconds.
Adding sequences from FASTA; added 716 sequences in 4.55984 seconds.


Building a new DB, current time: 09/18/2021 23:38:51
New DB name:   /home/531734/mike/karyon_longread/data/database/VW4_HiFiasm.asm.11.hic.hap1and2.p_ctg/initial_VW4_HiFiasm.asm.11.hic.hap1and2.p_ctg
New DB title:  data/assemblies/VW4_HiFiasm.asm.11.hic.hap1and2.p_ctg.fasta
Sequence type: Nucleotide
Keep MBits: T
Maximum file size: 1000000000B


Building a new DB, current time: 09/18/2021 23:38:51
New DB name:   /home/531734/mike/karyon_longread/data/database/VW4_HiFiasm.asm.11.hic.hap1and2.p_ctg/initial_VW4_HiFiasm.asm.11.hic.hap1and2.p_ctg
New DB title:  data/assemblies/VW4_HiFiasm.asm.11.hic.hap1and2.p_ctg.fasta
Sequence type: Nucleotide
Keep MBits: T
Maximum file size: 1000000000B


Building a new DB, current time: 09/18/2021 23:38:52
New DB name:   /home/531734/mike/karyon_longread/data/database/VW4_HiFiasm.asm.11.hic.hap1and2.p_ctg/initial_VW4_HiFiasm.asm.11.hic.hap1and2.p_ctg
New DB title:  data/assemblies/VW4_HiFiasm.asm.11.hic.hap1and2.p_ctg.fasta
Sequence type: Nucleotide
Keep MBits: T
Maximum file size: 1000000000B


Building a new DB, current time: 09/18/2021 23:38:52
New DB name:   /home/531734/mike/karyon_longread/data/database/VW4_HiFiasm.asm.11.hic.hap1and2.p_ctg/initial_VW4_HiFiasm.asm.11.hic.hap1and2.p_ctg
New DB title:  data/assemblies/VW4_HiFiasm.asm.11.hic.hap1and2.p_ctg.fasta
Sequence type: Nucleotide
Keep MBits: T
Maximum file size: 1000000000B


Building a new DB, current time: 09/18/2021 23:38:52
New DB name:   /home/531734/mike/karyon_longread/data/database/VW4_HiFiasm.asm.11.hic.hap1and2.p_ctg/initial_VW4_HiFiasm.asm.11.hic.hap1and2.p_ctg
New DB title:  data/assemblies/VW4_HiFiasm.asm.11.hic.hap1and2.p_ctg.fasta
Sequence type: Nucleotide


Building a new DB, current time: 09/18/2021 23:38:52
New DB name:   /home/531734/mike/karyon_longread/data/database/VW4_HiFiasm.asm.11.hic.hap1and2.p_ctg/initial_VW4_HiFiasm.asm.11.hic.hap1and2.p_ctg
New DB title:  data/assemblies/VW4_HiFiasm.asm.11.hic.hap1and2.p_ctg.fasta
Sequence type: Nucleotide
Keep MBits: T
Maximum file size: 1000000000B
Keep MBits: T
Maximum file size: 1000000000B


Building a new DB, current time: 09/18/2021 23:38:52
New DB name:   /home/531734/mike/karyon_longread/data/database/VW4_HiFiasm.asm.11.hic.hap1and2.p_ctg/initial_VW4_HiFiasm.asm.11.hic.hap1and2.p_ctg
New DB title:  data/assemblies/VW4_HiFiasm.asm.11.hic.hap1and2.p_ctg.fasta
Sequence type: Nucleotide


Building a new DB, current time: 09/18/2021 23:38:52
New DB name:   /home/531734/mike/karyon_longread/data/database/VW4_HiFiasm.asm.11.hic.hap1and2.p_ctg/initial_VW4_HiFiasm.asm.11.hic.hap1and2.p_ctg
New DB title:  data/assemblies/VW4_HiFiasm.asm.11.hic.hap1and2.p_ctg.fasta
Sequence type: Nucleotide
Keep MBits: T
Maximum file size: 1000000000B
Keep MBits: T
Maximum file size: 1000000000B


Building a new DB, current time: 09/18/2021 23:38:52
New DB name:   /home/531734/mike/karyon_longread/data/database/VW4_HiFiasm.asm.11.hic.hap1and2.p_ctg/initial_VW4_HiFiasm.asm.11.hic.hap1and2.p_ctg
New DB title:  data/assemblies/VW4_HiFiasm.asm.11.hic.hap1and2.p_ctg.fasta
Sequence type: Nucleotide
Keep MBits: T
Maximum file size: 1000000000B


Building a new DB, current time: 09/18/2021 23:38:52
New DB name:   /home/531734/mike/karyon_longread/data/database/VW4_HiFiasm.asm.11.hic.hap1and2.p_ctg/initial_VW4_HiFiasm.asm.11.hic.hap1and2.p_ctg
New DB title:  data/assemblies/VW4_HiFiasm.asm.11.hic.hap1and2.p_ctg.fasta
Sequence type: Nucleotide
Keep MBits: T
Maximum file size: 1000000000B


Building a new DB, current time: 09/18/2021 23:38:52
New DB name:   /home/531734/mike/karyon_longread/data/database/VW4_HiFiasm.asm.11.hic.hap1and2.p_ctg/initial_VW4_HiFiasm.asm.11.hic.hap1and2.p_ctg
New DB title:  data/assemblies/VW4_HiFiasm.asm.11.hic.hap1and2.p_ctg.fasta
Sequence type: Nucleotide


Building a new DB, current time: 09/18/2021 23:38:52
New DB name:   /home/531734/mike/karyon_longread/data/database/VW4_HiFiasm.asm.11.hic.hap1and2.p_ctg/initial_VW4_HiFiasm.asm.11.hic.hap1and2.p_ctg
New DB title:  data/assemblies/VW4_HiFiasm.asm.11.hic.hap1and2.p_ctg.fasta
Sequence type: Nucleotide
Keep MBits: T
Maximum file size: 1000000000B
Keep MBits: T
Maximum file size: 1000000000B


Building a new DB, current time: 09/18/2021 23:38:52
New DB name:   /home/531734/mike/karyon_longread/data/database/VW4_HiFiasm.asm.11.hic.hap1and2.p_ctg/initial_VW4_HiFiasm.asm.11.hic.hap1and2.p_ctg
New DB title:  data/assemblies/VW4_HiFiasm.asm.11.hic.hap1and2.p_ctg.fasta
Sequence type: Nucleotide


Building a new DB, current time: 09/18/2021 23:38:52
New DB name:   /home/531734/mike/karyon_longread/data/database/VW4_HiFiasm.asm.11.hic.hap1and2.p_ctg/initial_VW4_HiFiasm.asm.11.hic.hap1and2.p_ctg
New DB title:  data/assemblies/VW4_HiFiasm.asm.11.hic.hap1and2.p_ctg.fasta
Sequence type: Nucleotide
Keep MBits: T
Maximum file size: 1000000000B
Keep MBits: T
Maximum file size: 1000000000B


Building a new DB, current time: 09/18/2021 23:38:52
New DB name:   /home/531734/mike/karyon_longread/data/database/VW4_HiFiasm.asm.11.hic.hap1and2.p_ctg/initial_VW4_HiFiasm.asm.11.hic.hap1and2.p_ctg
New DB title:  data/assemblies/VW4_HiFiasm.asm.11.hic.hap1and2.p_ctg.fasta
Sequence type: Nucleotide
Keep MBits: T
Maximum file size: 1000000000B


Building a new DB, current time: 09/18/2021 23:38:52
New DB name:   /home/531734/mike/karyon_longread/data/database/VW4_HiFiasm.asm.11.hic.hap1and2.p_ctg/initial_VW4_HiFiasm.asm.11.hic.hap1and2.p_ctg
New DB title:  data/assemblies/VW4_HiFiasm.asm.11.hic.hap1and2.p_ctg.fasta
Sequence type: Nucleotide


Building a new DB, current time: 09/18/2021 23:38:52
New DB name:   /home/531734/mike/karyon_longread/data/database/VW4_HiFiasm.asm.11.hic.hap1and2.p_ctg/initial_VW4_HiFiasm.asm.11.hic.hap1and2.p_ctg
New DB title:  data/assemblies/VW4_HiFiasm.asm.11.hic.hap1and2.p_ctg.fasta
Sequence type: Nucleotide
Keep MBits: T
Keep MBits: T
Maximum file size: 1000000000B
Maximum file size: 1000000000B


Building a new DB, current time: 09/18/2021 23:38:52
New DB name:   /home/531734/mike/karyon_longread/data/database/VW4_HiFiasm.asm.11.hic.hap1and2.p_ctg/initial_VW4_HiFiasm.asm.11.hic.hap1and2.p_ctg
New DB title:  data/assemblies/VW4_HiFiasm.asm.11.hic.hap1and2.p_ctg.fasta
Sequence type: Nucleotide
Keep MBits: T
Maximum file size: 1000000000B


Building a new DB, current time: 09/18/2021 23:38:53
New DB name:   /home/531734/mike/karyon_longread/data/database/VW4_HiFiasm.asm.11.hic.hap1and2.p_ctg/initial_VW4_HiFiasm.asm.11.hic.hap1and2.p_ctg
New DB title:  data/assemblies/VW4_HiFiasm.asm.11.hic.hap1and2.p_ctg.fasta
Sequence type: Nucleotide
Keep MBits: T
Maximum file size: 1000000000B


Building a new DB, current time: 09/18/2021 23:38:53
New DB name:   /home/531734/mike/karyon_longread/data/database/VW4_HiFiasm.asm.11.hic.hap1and2.p_ctg/initial_VW4_HiFiasm.asm.11.hic.hap1and2.p_ctg
New DB title:  data/assemblies/VW4_HiFiasm.asm.11.hic.hap1and2.p_ctg.fasta
Sequence type: Nucleotide
Keep MBits: T
Maximum file size: 1000000000B


Building a new DB, current time: 09/18/2021 23:38:53
New DB name:   /home/531734/mike/karyon_longread/data/database/VW4_HiFiasm.asm.11.hic.hap1and2.p_ctg/initial_VW4_HiFiasm.asm.11.hic.hap1and2.p_ctg
New DB title:  data/assemblies/VW4_HiFiasm.asm.11.hic.hap1and2.p_ctg.fasta
Sequence type: Nucleotide


Building a new DB, current time: 09/18/2021 23:38:53
New DB name:   /home/531734/mike/karyon_longread/data/database/VW4_HiFiasm.asm.11.hic.hap1and2.p_ctg/initial_VW4_HiFiasm.asm.11.hic.hap1and2.p_ctg
New DB title:  data/assemblies/VW4_HiFiasm.asm.11.hic.hap1and2.p_ctg.fasta
Sequence type: Nucleotide


Building a new DB, current time: 09/18/2021 23:38:53
New DB name:   /home/531734/mike/karyon_longread/data/database/VW4_HiFiasm.asm.11.hic.hap1and2.p_ctg/initial_VW4_HiFiasm.asm.11.hic.hap1and2.p_ctg
New DB title:  data/assemblies/VW4_HiFiasm.asm.11.hic.hap1and2.p_ctg.fasta
Sequence type: Nucleotide
Keep MBits: T
Maximum file size: 1000000000B
Keep MBits: T
Maximum file size: 1000000000B
Keep MBits: T
Maximum file size: 1000000000B


Building a new DB, current time: 09/18/2021 23:38:53
New DB name:   /home/531734/mike/karyon_longread/data/database/VW4_HiFiasm.asm.11.hic.hap1and2.p_ctg/initial_VW4_HiFiasm.asm.11.hic.hap1and2.p_ctg
New DB title:  data/assemblies/VW4_HiFiasm.asm.11.hic.hap1and2.p_ctg.fasta
Sequence type: Nucleotide
Keep MBits: T
Maximum file size: 1000000000B


Building a new DB, current time: 09/18/2021 23:38:53
New DB name:   /home/531734/mike/karyon_longread/data/database/VW4_HiFiasm.asm.11.hic.hap1and2.p_ctg/initial_VW4_HiFiasm.asm.11.hic.hap1and2.p_ctg
New DB title:  data/assemblies/VW4_HiFiasm.asm.11.hic.hap1and2.p_ctg.fasta
Sequence type: Nucleotide
Keep MBits: T
Maximum file size: 1000000000B


Building a new DB, current time: 09/18/2021 23:38:53
New DB name:   /home/531734/mike/karyon_longread/data/database/VW4_HiFiasm.asm.11.hic.hap1and2.p_ctg/initial_VW4_HiFiasm.asm.11.hic.hap1and2.p_ctg
New DB title:  data/assemblies/VW4_HiFiasm.asm.11.hic.hap1and2.p_ctg.fasta
Sequence type: Nucleotide
Keep MBits: T
Maximum file size: 1000000000B


Building a new DB, current time: 09/18/2021 23:38:53
New DB name:   /home/531734/mike/karyon_longread/data/database/VW4_HiFiasm.asm.11.hic.hap1and2.p_ctg/initial_VW4_HiFiasm.asm.11.hic.hap1and2.p_ctg
New DB title:  data/assemblies/VW4_HiFiasm.asm.11.hic.hap1and2.p_ctg.fasta
Sequence type: Nucleotide
Keep MBits: T
Maximum file size: 1000000000B
Adding sequences from FASTA; added 716 sequences in 4.90588 seconds.
Adding sequences from FASTA; added 716 sequences in 4.86364 seconds.
Adding sequences from FASTA; added 716 sequences in 5.10045 seconds.
Adding sequences from FASTA; added 716 sequences in 4.87114 seconds.
Adding sequences from FASTA; added 716 sequences in 4.96296 seconds.
Adding sequences from FASTA; added 716 sequences in 5.02853 seconds.
Adding sequences from FASTA; added 716 sequences in 4.94235 seconds.
Adding sequences from FASTA; added 716 sequences in 4.76953 seconds.
Adding sequences from FASTA; added 716 sequences in 5.09377 seconds.
Adding sequences from FASTA; added 716 sequences in 7.18771 seconds.
Adding sequences from FASTA; added 716 sequences in 7.09895 seconds.
Adding sequences from FASTA; added 716 sequences in 7.12523 seconds.
Adding sequences from FASTA; added 716 sequences in 7.14236 seconds.
Adding sequences from FASTA; added 716 sequences in 7.18309 seconds.
Adding sequences from FASTA; added 716 sequences in 7.07908 seconds.
Adding sequences from FASTA; added 716 sequences in 7.13025 seconds.
Adding sequences from FASTA; added 716 sequences in 7.13297 seconds.
Adding sequences from FASTA; added 716 sequences in 7.03348 seconds.
Adding sequences from FASTA; added 716 sequences in 7.04037 seconds.
Adding sequences from FASTA; added 716 sequences in 7.00265 seconds.
Adding sequences from FASTA; added 716 sequences in 6.92919 seconds.
Adding sequences from FASTA; added 716 sequences in 7.02432 seconds.
Adding sequences from FASTA; added 716 sequences in 7.02698 seconds.
Adding sequences from FASTA; added 716 sequences in 6.9757 seconds.
Adding sequences from FASTA; added 716 sequences in 6.91342 seconds.
Adding sequences from FASTA; added 716 sequences in 7.41278 seconds.
Adding sequences from FASTA; added 716 sequences in 7.08948 seconds.
