Building DAG of jobs...
WARNING:snakemake.logging:Building DAG of jobs...
Using shell: /usr/bin/bash
WARNING:snakemake.logging:Using shell: /usr/bin/bash
Provided cores: 28
WARNING:snakemake.logging:Provided cores: 28
Rules claiming more threads will be scaled down.
WARNING:snakemake.logging:Rules claiming more threads will be scaled down.
Job stats:
job             count    min threads    max threads
------------  -------  -------------  -------------
GATK                1              1              1
all                 1              1              1
karyon_plots        1              1              1
total               3              1              1

WARNING:snakemake.logging:Job stats:
job             count    min threads    max threads
------------  -------  -------------  -------------
GATK                1              1              1
all                 1              1              1
karyon_plots        1              1              1
total               3              1              1

Select jobs to execute...
WARNING:snakemake.logging:Select jobs to execute...

INFO:snakemake.logging:
[Mon Jul 12 10:37:24 2021]
INFO:snakemake.logging:[Mon Jul 12 10:37:24 2021]
rule GATK:
    input: VW4_CANU_HiFi/outputs/redundans/scaffolds.reduced.fasta, VW4_CANU_HiFi/outputs/redundans/scaffolds.reduced.fasta.fai, VW4_CANU_HiFi/outputs/redundans/scaffolds.reduced.sorted.tagged.bam, VW4_CANU_HiFi/outputs/redundans/scaffolds.reduced.sorted.tagged.bam.bai, VW4_CANU_HiFi/outputs/redundans/scaffolds.reduced.dict
    output: VW4_CANU_HiFi/outputs/variant_calling/scaffolds.reduced.vcf
    jobid: 8
    resources: tmpdir=/tmp
INFO:snakemake.logging:rule GATK:
    input: VW4_CANU_HiFi/outputs/redundans/scaffolds.reduced.fasta, VW4_CANU_HiFi/outputs/redundans/scaffolds.reduced.fasta.fai, VW4_CANU_HiFi/outputs/redundans/scaffolds.reduced.sorted.tagged.bam, VW4_CANU_HiFi/outputs/redundans/scaffolds.reduced.sorted.tagged.bam.bai, VW4_CANU_HiFi/outputs/redundans/scaffolds.reduced.dict
    output: VW4_CANU_HiFi/outputs/variant_calling/scaffolds.reduced.vcf
    jobid: 8
    resources: tmpdir=/tmp

INFO:snakemake.logging:
gatk --java-options -Xmx120G HaplotypeCaller -R VW4_CANU_HiFi/outputs/redundans/scaffolds.reduced.fasta -I VW4_CANU_HiFi/outputs/redundans/scaffolds.reduced.sorted.tagged.bam -O VW4_CANU_HiFi/outputs/variant_calling/scaffolds.reduced.vcf
WARNING:snakemake.logging:gatk --java-options -Xmx120G HaplotypeCaller -R VW4_CANU_HiFi/outputs/redundans/scaffolds.reduced.fasta -I VW4_CANU_HiFi/outputs/redundans/scaffolds.reduced.sorted.tagged.bam -O VW4_CANU_HiFi/outputs/variant_calling/scaffolds.reduced.vcf
Activating singularity image /home/531734/karyon_longread/.snakemake/singularity/dd55efc4ade9d0e8c2b4e3cbcfc95f38.simg
WARNING:snakemake.logging:Activating singularity image /home/531734/karyon_longread/.snakemake/singularity/dd55efc4ade9d0e8c2b4e3cbcfc95f38.simg
Using GATK wrapper script /gatk/build/install/gatk/bin/gatk
Running:
    /gatk/build/install/gatk/bin/gatk HaplotypeCaller -R VW4_CANU_HiFi/outputs/redundans/scaffolds.reduced.fasta -I VW4_CANU_HiFi/outputs/redundans/scaffolds.reduced.sorted.tagged.bam -O VW4_CANU_HiFi/outputs/variant_calling/scaffolds.reduced.vcf
[Mon Jul 12 10:37:25 2021]
INFO:snakemake.logging:[Mon Jul 12 10:37:25 2021]
Error in rule GATK:
ERROR:snakemake.logging:Error in rule GATK:
    jobid: 8
ERROR:snakemake.logging:    jobid: 8
    output: VW4_CANU_HiFi/outputs/variant_calling/scaffolds.reduced.vcf
ERROR:snakemake.logging:    output: VW4_CANU_HiFi/outputs/variant_calling/scaffolds.reduced.vcf
    shell:
        gatk --java-options -Xmx120G HaplotypeCaller -R VW4_CANU_HiFi/outputs/redundans/scaffolds.reduced.fasta -I VW4_CANU_HiFi/outputs/redundans/scaffolds.reduced.sorted.tagged.bam -O VW4_CANU_HiFi/outputs/variant_calling/scaffolds.reduced.vcf
        (one of the commands exited with non-zero exit code; note that snakemake uses bash strict mode!)
ERROR:snakemake.logging:    shell:
        gatk --java-options -Xmx120G HaplotypeCaller -R VW4_CANU_HiFi/outputs/redundans/scaffolds.reduced.fasta -I VW4_CANU_HiFi/outputs/redundans/scaffolds.reduced.sorted.tagged.bam -O VW4_CANU_HiFi/outputs/variant_calling/scaffolds.reduced.vcf
        (one of the commands exited with non-zero exit code; note that snakemake uses bash strict mode!)

ERROR:snakemake.logging:
Job failed, going on with independent jobs.
WARNING:snakemake.logging:Job failed, going on with independent jobs.
Exiting because a job execution failed. Look above for error message
ERROR:snakemake.logging:Exiting because a job execution failed. Look above for error message
Complete log: /home/531734/karyon_longread/.snakemake/log/2021-07-12T103721.173212.snakemake.log
WARNING:snakemake.logging:Complete log: /home/531734/karyon_longread/.snakemake/log/2021-07-12T103721.173212.snakemake.log
