/home/531734/packages/quast/quast.py --large data/assemblies/VW4_HiFiasm.15.p_ctg.fasta --glimmer -b --threads 28 -L --pacbio data/reads/all_hifi.fastq.gz -o 15_primary_SLR

Version: 5.1.0rc1, ef58c8f

System information:
  OS: Linux-3.10.0-957.21.3.el7.x86_64-x86_64-with-centos-7.6.1810-Core (linux_64)
  Python version: 2.7.5
  CPUs number: 28

Started: 2021-09-22 11:56:05

Logging to /home/531734/mike/karyon_longread/15_primary_SLR/quast.log

CWD: /home/531734/mike/karyon_longread
Main parameters: 
  MODE: large, threads: 28, eukaryotic: true, min contig length: 3000, min alignment length: 500, \
  min alignment IDY: 95.0, ambiguity: one, threshold for extensive misassembly size: 7000

WARNING: Can't draw plots: python-matplotlib is missing or corrupted.

Contigs:
  Pre-processing...
  data/assemblies/VW4_HiFiasm.15.p_ctg.fasta ==> assemblies

2021-09-22 11:56:10
Running Reads analyzer...
  Logging to files /home/531734/mike/karyon_longread/15_primary_SLR/reads_stats/reads_stats.log and /home/531734/mike/karyon_longread/15_primary_SLR/reads_stats/reads_stats.err...
  Pre-processing reads...
  Running BWA...
/home/531734/packages/quast/quast_libs/bwa/bwa index -p /home/531734/mike/karyon_longread/15_primary_SLR/quast_corrected_input/assemblies.fasta \
/home/531734/mike/karyon_longread/15_primary_SLR/quast_corrected_input/assemblies.fasta \
>> /home/531734/mike/karyon_longread/15_primary_SLR/reads_stats/reads_stats.err 2>> \
/home/531734/mike/karyon_longread/15_primary_SLR/reads_stats/reads_stats.err
/home/531734/packages/quast/quast_libs/minimap2/minimap2 -t 14 -ax map-pb /home/531734/mike/karyon_longread/15_primary_SLR/quast_corrected_input/assemblies.fasta \
/home/531734/mike/karyon_longread/data/reads/all_hifi.fastq.gz > assemblies.pacbio1.sam \
2>> /home/531734/mike/karyon_longread/15_primary_SLR/reads_stats/reads_stats.err
/home/531734/packages/quast/quast_libs/sambamba/sambamba_linux view -t 14 -h -S -f \
bam assemblies.pacbio1.sam > assemblies.pacbio1.bam 2>> /home/531734/mike/karyon_longread/15_primary_SLR/reads_stats/reads_stats.err
  Done.
/home/531734/packages/quast/quast_libs/sambamba/sambamba_linux view -H -S 15_primary_SLR/reads_stats/temp_output/assemblies.sam \
> 15_primary_SLR/reads_stats/assemblies.sam.header 2>> 15_primary_SLR/reads_stats/reads_stats.err
  Sorting SAM-file...
/home/531734/packages/quast/quast_libs/sambamba/sambamba_linux view -t 14 -h -S -f \
bam 15_primary_SLR/reads_stats/temp_output/assemblies.all.correct.sam > 15_primary_SLR/reads_stats/temp_output/assemblies.bam \
2>> 15_primary_SLR/reads_stats/reads_stats.err
/home/531734/packages/quast/quast_libs/sambamba/sambamba_linux flagstat -t 14 15_primary_SLR/reads_stats/temp_output/assemblies.bam \
> 15_primary_SLR/reads_stats/assemblies.stat 2>> 15_primary_SLR/reads_stats/reads_stats.err
/home/531734/packages/quast/quast_libs/bedtools/bin/bedtools bamtobed -i 15_primary_SLR/reads_stats/temp_output/assemblies.bam \
> 15_primary_SLR/reads_stats/temp_output/assemblies.bed 2>> 15_primary_SLR/reads_stats/reads_stats.err
sort -k1,1 -k2,2n 15_primary_SLR/reads_stats/temp_output/assemblies.bed > 15_primary_SLR/reads_stats/temp_output/assemblies.sorted.bed \
2>> 15_primary_SLR/reads_stats/reads_stats.err
/home/531734/packages/quast/quast_libs/bedtools/bin/bedtools genomecov -i 15_primary_SLR/reads_stats/temp_output/assemblies.sorted.bed \
-g 15_primary_SLR/quast_corrected_input/assemblies.fasta.fai > 15_primary_SLR/reads_stats/temp_output/assemblies.genomecov \
2>> 15_primary_SLR/reads_stats/reads_stats.err
  Analysis is finished.
  Creating total report...
    saved to /home/531734/mike/karyon_longread/15_primary_SLR/reads_stats/reads_report.txt, reads_report.tsv, and reads_report.tex
Done.

2021-09-22 14:13:41
Running Basic statistics processor...
  Contig files: 
    assemblies
  Calculating N50 and L50...
    assemblies, N50 = 9526242, L50 = 5, Total length = 132972605, GC % = 30.06, # N's per 100 kbp =  37.12
Done.

2021-09-22 14:13:49
Running GlimmerHMM...
  assemblies
    /home/531734/packages/quast/quast_libs/glimmer/glimmerhmm 15_primary_SLR/predicted_genes/tmp/tmpIFEhUl/0.fasta \
    -d /home/531734/packages/quast/quast_libs/glimmer/trained/arabidopsis -g -o 15_primary_SLR/predicted_genes/tmp/tmpIFEhUl/0.gff \
    >> 15_primary_SLR/predicted_genes/assemblies_glimmer.stderr 2>> 15_primary_SLR/predicted_genes/assemblies_glimmer.stderr
    /home/531734/packages/quast/quast_libs/glimmer/glimmerhmm 15_primary_SLR/predicted_genes/tmp/tmpIFEhUl/1.fasta \
    -d /home/531734/packages/quast/quast_libs/glimmer/trained/arabidopsis -g -o 15_primary_SLR/predicted_genes/tmp/tmpIFEhUl/1.gff \
    >> 15_primary_SLR/predicted_genes/assemblies_glimmer.stderr 2>> 15_primary_SLR/predicted_genes/assemblies_glimmer.stderr
    /home/531734/packages/quast/quast_libs/glimmer/glimmerhmm 15_primary_SLR/predicted_genes/tmp/tmpIFEhUl/2.fasta \
    -d /home/531734/packages/quast/quast_libs/glimmer/trained/arabidopsis -g -o 15_primary_SLR/predicted_genes/tmp/tmpIFEhUl/2.gff \
    >> 15_primary_SLR/predicted_genes/assemblies_glimmer.stderr 2>> 15_primary_SLR/predicted_genes/assemblies_glimmer.stderr
    /home/531734/packages/quast/quast_libs/glimmer/glimmerhmm 15_primary_SLR/predicted_genes/tmp/tmpIFEhUl/3.fasta \
    -d /home/531734/packages/quast/quast_libs/glimmer/trained/arabidopsis -g -o 15_primary_SLR/predicted_genes/tmp/tmpIFEhUl/3.gff \
    >> 15_primary_SLR/predicted_genes/assemblies_glimmer.stderr 2>> 15_primary_SLR/predicted_genes/assemblies_glimmer.stderr
    /home/531734/packages/quast/quast_libs/glimmer/glimmerhmm 15_primary_SLR/predicted_genes/tmp/tmpIFEhUl/4.fasta \
    -d /home/531734/packages/quast/quast_libs/glimmer/trained/arabidopsis -g -o 15_primary_SLR/predicted_genes/tmp/tmpIFEhUl/4.gff \
    >> 15_primary_SLR/predicted_genes/assemblies_glimmer.stderr 2>> 15_primary_SLR/predicted_genes/assemblies_glimmer.stderr
    /home/531734/packages/quast/quast_libs/glimmer/glimmerhmm 15_primary_SLR/predicted_genes/tmp/tmpIFEhUl/5.fasta \
    -d /home/531734/packages/quast/quast_libs/glimmer/trained/arabidopsis -g -o 15_primary_SLR/predicted_genes/tmp/tmpIFEhUl/5.gff \
    >> 15_primary_SLR/predicted_genes/assemblies_glimmer.stderr 2>> 15_primary_SLR/predicted_genes/assemblies_glimmer.stderr
    /home/531734/packages/quast/quast_libs/glimmer/glimmerhmm 15_primary_SLR/predicted_genes/tmp/tmpIFEhUl/6.fasta \
    -d /home/531734/packages/quast/quast_libs/glimmer/trained/arabidopsis -g -o 15_primary_SLR/predicted_genes/tmp/tmpIFEhUl/6.gff \
    >> 15_primary_SLR/predicted_genes/assemblies_glimmer.stderr 2>> 15_primary_SLR/predicted_genes/assemblies_glimmer.stderr
    /home/531734/packages/quast/quast_libs/glimmer/glimmerhmm 15_primary_SLR/predicted_genes/tmp/tmpIFEhUl/7.fasta \
    -d /home/531734/packages/quast/quast_libs/glimmer/trained/arabidopsis -g -o 15_primary_SLR/predicted_genes/tmp/tmpIFEhUl/7.gff \
    >> 15_primary_SLR/predicted_genes/assemblies_glimmer.stderr 2>> 15_primary_SLR/predicted_genes/assemblies_glimmer.stderr
    /home/531734/packages/quast/quast_libs/glimmer/glimmerhmm 15_primary_SLR/predicted_genes/tmp/tmpIFEhUl/8.fasta \
    -d /home/531734/packages/quast/quast_libs/glimmer/trained/arabidopsis -g -o 15_primary_SLR/predicted_genes/tmp/tmpIFEhUl/8.gff \
    >> 15_primary_SLR/predicted_genes/assemblies_glimmer.stderr 2>> 15_primary_SLR/predicted_genes/assemblies_glimmer.stderr
    /home/531734/packages/quast/quast_libs/glimmer/glimmerhmm 15_primary_SLR/predicted_genes/tmp/tmpIFEhUl/9.fasta \
    -d /home/531734/packages/quast/quast_libs/glimmer/trained/arabidopsis -g -o 15_primary_SLR/predicted_genes/tmp/tmpIFEhUl/9.gff \
    >> 15_primary_SLR/predicted_genes/assemblies_glimmer.stderr 2>> 15_primary_SLR/predicted_genes/assemblies_glimmer.stderr
    /home/531734/packages/quast/quast_libs/glimmer/glimmerhmm 15_primary_SLR/predicted_genes/tmp/tmpIFEhUl/10.fasta \
    -d /home/531734/packages/quast/quast_libs/glimmer/trained/arabidopsis -g -o 15_primary_SLR/predicted_genes/tmp/tmpIFEhUl/10.gff \
    >> 15_primary_SLR/predicted_genes/assemblies_glimmer.stderr 2>> 15_primary_SLR/predicted_genes/assemblies_glimmer.stderr
    /home/531734/packages/quast/quast_libs/glimmer/glimmerhmm 15_primary_SLR/predicted_genes/tmp/tmpIFEhUl/11.fasta \
    -d /home/531734/packages/quast/quast_libs/glimmer/trained/arabidopsis -g -o 15_primary_SLR/predicted_genes/tmp/tmpIFEhUl/11.gff \
    >> 15_primary_SLR/predicted_genes/assemblies_glimmer.stderr 2>> 15_primary_SLR/predicted_genes/assemblies_glimmer.stderr
    /home/531734/packages/quast/quast_libs/glimmer/glimmerhmm 15_primary_SLR/predicted_genes/tmp/tmpIFEhUl/12.fasta \
    -d /home/531734/packages/quast/quast_libs/glimmer/trained/arabidopsis -g -o 15_primary_SLR/predicted_genes/tmp/tmpIFEhUl/12.gff \
    >> 15_primary_SLR/predicted_genes/assemblies_glimmer.stderr 2>> 15_primary_SLR/predicted_genes/assemblies_glimmer.stderr
    /home/531734/packages/quast/quast_libs/glimmer/glimmerhmm 15_primary_SLR/predicted_genes/tmp/tmpIFEhUl/13.fasta \
    -d /home/531734/packages/quast/quast_libs/glimmer/trained/arabidopsis -g -o 15_primary_SLR/predicted_genes/tmp/tmpIFEhUl/13.gff \
    >> 15_primary_SLR/predicted_genes/assemblies_glimmer.stderr 2>> 15_primary_SLR/predicted_genes/assemblies_glimmer.stderr
    /home/531734/packages/quast/quast_libs/glimmer/glimmerhmm 15_primary_SLR/predicted_genes/tmp/tmpIFEhUl/14.fasta \
    -d /home/531734/packages/quast/quast_libs/glimmer/trained/arabidopsis -g -o 15_primary_SLR/predicted_genes/tmp/tmpIFEhUl/14.gff \
    >> 15_primary_SLR/predicted_genes/assemblies_glimmer.stderr 2>> 15_primary_SLR/predicted_genes/assemblies_glimmer.stderr
    /home/531734/packages/quast/quast_libs/glimmer/glimmerhmm 15_primary_SLR/predicted_genes/tmp/tmpIFEhUl/15.fasta \
    -d /home/531734/packages/quast/quast_libs/glimmer/trained/arabidopsis -g -o 15_primary_SLR/predicted_genes/tmp/tmpIFEhUl/15.gff \
    >> 15_primary_SLR/predicted_genes/assemblies_glimmer.stderr 2>> 15_primary_SLR/predicted_genes/assemblies_glimmer.stderr
    /home/531734/packages/quast/quast_libs/glimmer/glimmerhmm 15_primary_SLR/predicted_genes/tmp/tmpIFEhUl/16.fasta \
    -d /home/531734/packages/quast/quast_libs/glimmer/trained/arabidopsis -g -o 15_primary_SLR/predicted_genes/tmp/tmpIFEhUl/16.gff \
    >> 15_primary_SLR/predicted_genes/assemblies_glimmer.stderr 2>> 15_primary_SLR/predicted_genes/assemblies_glimmer.stderr
    /home/531734/packages/quast/quast_libs/glimmer/glimmerhmm 15_primary_SLR/predicted_genes/tmp/tmpIFEhUl/17.fasta \
    -d /home/531734/packages/quast/quast_libs/glimmer/trained/arabidopsis -g -o 15_primary_SLR/predicted_genes/tmp/tmpIFEhUl/17.gff \
    >> 15_primary_SLR/predicted_genes/assemblies_glimmer.stderr 2>> 15_primary_SLR/predicted_genes/assemblies_glimmer.stderr
    /home/531734/packages/quast/quast_libs/glimmer/glimmerhmm 15_primary_SLR/predicted_genes/tmp/tmpIFEhUl/18.fasta \
    -d /home/531734/packages/quast/quast_libs/glimmer/trained/arabidopsis -g -o 15_primary_SLR/predicted_genes/tmp/tmpIFEhUl/18.gff \
    >> 15_primary_SLR/predicted_genes/assemblies_glimmer.stderr 2>> 15_primary_SLR/predicted_genes/assemblies_glimmer.stderr
    /home/531734/packages/quast/quast_libs/glimmer/glimmerhmm 15_primary_SLR/predicted_genes/tmp/tmpIFEhUl/19.fasta \
    -d /home/531734/packages/quast/quast_libs/glimmer/trained/arabidopsis -g -o 15_primary_SLR/predicted_genes/tmp/tmpIFEhUl/19.gff \
    >> 15_primary_SLR/predicted_genes/assemblies_glimmer.stderr 2>> 15_primary_SLR/predicted_genes/assemblies_glimmer.stderr
    /home/531734/packages/quast/quast_libs/glimmer/glimmerhmm 15_primary_SLR/predicted_genes/tmp/tmpIFEhUl/20.fasta \
    -d /home/531734/packages/quast/quast_libs/glimmer/trained/arabidopsis -g -o 15_primary_SLR/predicted_genes/tmp/tmpIFEhUl/20.gff \
    >> 15_primary_SLR/predicted_genes/assemblies_glimmer.stderr 2>> 15_primary_SLR/predicted_genes/assemblies_glimmer.stderr
    /home/531734/packages/quast/quast_libs/glimmer/glimmerhmm 15_primary_SLR/predicted_genes/tmp/tmpIFEhUl/21.fasta \
    -d /home/531734/packages/quast/quast_libs/glimmer/trained/arabidopsis -g -o 15_primary_SLR/predicted_genes/tmp/tmpIFEhUl/21.gff \
    >> 15_primary_SLR/predicted_genes/assemblies_glimmer.stderr 2>> 15_primary_SLR/predicted_genes/assemblies_glimmer.stderr
    /home/531734/packages/quast/quast_libs/glimmer/glimmerhmm 15_primary_SLR/predicted_genes/tmp/tmpIFEhUl/22.fasta \
    -d /home/531734/packages/quast/quast_libs/glimmer/trained/arabidopsis -g -o 15_primary_SLR/predicted_genes/tmp/tmpIFEhUl/22.gff \
    >> 15_primary_SLR/predicted_genes/assemblies_glimmer.stderr 2>> 15_primary_SLR/predicted_genes/assemblies_glimmer.stderr
    /home/531734/packages/quast/quast_libs/glimmer/glimmerhmm 15_primary_SLR/predicted_genes/tmp/tmpIFEhUl/23.fasta \
    -d /home/531734/packages/quast/quast_libs/glimmer/trained/arabidopsis -g -o 15_primary_SLR/predicted_genes/tmp/tmpIFEhUl/23.gff \
    >> 15_primary_SLR/predicted_genes/assemblies_glimmer.stderr 2>> 15_primary_SLR/predicted_genes/assemblies_glimmer.stderr
    /home/531734/packages/quast/quast_libs/glimmer/glimmerhmm 15_primary_SLR/predicted_genes/tmp/tmpIFEhUl/24.fasta \
    -d /home/531734/packages/quast/quast_libs/glimmer/trained/arabidopsis -g -o 15_primary_SLR/predicted_genes/tmp/tmpIFEhUl/24.gff \
    >> 15_primary_SLR/predicted_genes/assemblies_glimmer.stderr 2>> 15_primary_SLR/predicted_genes/assemblies_glimmer.stderr
    /home/531734/packages/quast/quast_libs/glimmer/glimmerhmm 15_primary_SLR/predicted_genes/tmp/tmpIFEhUl/25.fasta \
    -d /home/531734/packages/quast/quast_libs/glimmer/trained/arabidopsis -g -o 15_primary_SLR/predicted_genes/tmp/tmpIFEhUl/25.gff \
    >> 15_primary_SLR/predicted_genes/assemblies_glimmer.stderr 2>> 15_primary_SLR/predicted_genes/assemblies_glimmer.stderr
    /home/531734/packages/quast/quast_libs/glimmer/glimmerhmm 15_primary_SLR/predicted_genes/tmp/tmpIFEhUl/26.fasta \
    -d /home/531734/packages/quast/quast_libs/glimmer/trained/arabidopsis -g -o 15_primary_SLR/predicted_genes/tmp/tmpIFEhUl/26.gff \
    >> 15_primary_SLR/predicted_genes/assemblies_glimmer.stderr 2>> 15_primary_SLR/predicted_genes/assemblies_glimmer.stderr
    /home/531734/packages/quast/quast_libs/glimmer/glimmerhmm 15_primary_SLR/predicted_genes/tmp/tmpIFEhUl/27.fasta \
    -d /home/531734/packages/quast/quast_libs/glimmer/trained/arabidopsis -g -o 15_primary_SLR/predicted_genes/tmp/tmpIFEhUl/27.gff \
    >> 15_primary_SLR/predicted_genes/assemblies_glimmer.stderr 2>> 15_primary_SLR/predicted_genes/assemblies_glimmer.stderr
    /home/531734/packages/quast/quast_libs/glimmer/glimmerhmm 15_primary_SLR/predicted_genes/tmp/tmpIFEhUl/28.fasta \
    -d /home/531734/packages/quast/quast_libs/glimmer/trained/arabidopsis -g -o 15_primary_SLR/predicted_genes/tmp/tmpIFEhUl/28.gff \
    >> 15_primary_SLR/predicted_genes/assemblies_glimmer.stderr 2>> 15_primary_SLR/predicted_genes/assemblies_glimmer.stderr
    /home/531734/packages/quast/quast_libs/glimmer/glimmerhmm 15_primary_SLR/predicted_genes/tmp/tmpIFEhUl/29.fasta \
    -d /home/531734/packages/quast/quast_libs/glimmer/trained/arabidopsis -g -o 15_primary_SLR/predicted_genes/tmp/tmpIFEhUl/29.gff \
    >> 15_primary_SLR/predicted_genes/assemblies_glimmer.stderr 2>> 15_primary_SLR/predicted_genes/assemblies_glimmer.stderr
    /home/531734/packages/quast/quast_libs/glimmer/glimmerhmm 15_primary_SLR/predicted_genes/tmp/tmpIFEhUl/30.fasta \
    -d /home/531734/packages/quast/quast_libs/glimmer/trained/arabidopsis -g -o 15_primary_SLR/predicted_genes/tmp/tmpIFEhUl/30.gff \
    >> 15_primary_SLR/predicted_genes/assemblies_glimmer.stderr 2>> 15_primary_SLR/predicted_genes/assemblies_glimmer.stderr
    /home/531734/packages/quast/quast_libs/glimmer/glimmerhmm 15_primary_SLR/predicted_genes/tmp/tmpIFEhUl/31.fasta \
    -d /home/531734/packages/quast/quast_libs/glimmer/trained/arabidopsis -g -o 15_primary_SLR/predicted_genes/tmp/tmpIFEhUl/31.gff \
    >> 15_primary_SLR/predicted_genes/assemblies_glimmer.stderr 2>> 15_primary_SLR/predicted_genes/assemblies_glimmer.stderr
    /home/531734/packages/quast/quast_libs/glimmer/glimmerhmm 15_primary_SLR/predicted_genes/tmp/tmpIFEhUl/32.fasta \
    -d /home/531734/packages/quast/quast_libs/glimmer/trained/arabidopsis -g -o 15_primary_SLR/predicted_genes/tmp/tmpIFEhUl/32.gff \
    >> 15_primary_SLR/predicted_genes/assemblies_glimmer.stderr 2>> 15_primary_SLR/predicted_genes/assemblies_glimmer.stderr
    /home/531734/packages/quast/quast_libs/glimmer/glimmerhmm 15_primary_SLR/predicted_genes/tmp/tmpIFEhUl/33.fasta \
    -d /home/531734/packages/quast/quast_libs/glimmer/trained/arabidopsis -g -o 15_primary_SLR/predicted_genes/tmp/tmpIFEhUl/33.gff \
    >> 15_primary_SLR/predicted_genes/assemblies_glimmer.stderr 2>> 15_primary_SLR/predicted_genes/assemblies_glimmer.stderr
    /home/531734/packages/quast/quast_libs/glimmer/glimmerhmm 15_primary_SLR/predicted_genes/tmp/tmpIFEhUl/34.fasta \
    -d /home/531734/packages/quast/quast_libs/glimmer/trained/arabidopsis -g -o 15_primary_SLR/predicted_genes/tmp/tmpIFEhUl/34.gff \
    >> 15_primary_SLR/predicted_genes/assemblies_glimmer.stderr 2>> 15_primary_SLR/predicted_genes/assemblies_glimmer.stderr
    /home/531734/packages/quast/quast_libs/glimmer/glimmerhmm 15_primary_SLR/predicted_genes/tmp/tmpIFEhUl/35.fasta \
    -d /home/531734/packages/quast/quast_libs/glimmer/trained/arabidopsis -g -o 15_primary_SLR/predicted_genes/tmp/tmpIFEhUl/35.gff \
    >> 15_primary_SLR/predicted_genes/assemblies_glimmer.stderr 2>> 15_primary_SLR/predicted_genes/assemblies_glimmer.stderr
    /home/531734/packages/quast/quast_libs/glimmer/glimmerhmm 15_primary_SLR/predicted_genes/tmp/tmpIFEhUl/36.fasta \
    -d /home/531734/packages/quast/quast_libs/glimmer/trained/arabidopsis -g -o 15_primary_SLR/predicted_genes/tmp/tmpIFEhUl/36.gff \
    >> 15_primary_SLR/predicted_genes/assemblies_glimmer.stderr 2>> 15_primary_SLR/predicted_genes/assemblies_glimmer.stderr
    Genes = 8405 unique, 9539 total
    Predicted genes (GFF): /home/531734/mike/karyon_longread/15_primary_SLR/predicted_genes/assemblies_glimmer_genes.gff.gz
Done.

2021-09-22 14:23:52
Running BUSCO...
Logs and results will be saved under /home/531734/mike/karyon_longread/15_primary_SLR/busco_stats...

ERROR! Failed running BUSCO for all the assemblies. See log files in /home/531734/mike/karyon_longread/15_primary_SLR/busco_stats for information (rerun with --debug to keep all intermediate files).

2021-09-22 14:25:54
Creating large visual summaries...
This may take a while: press Ctrl-C to skip this step..
  1 of 1: Creating Icarus viewers...
Done

2021-09-22 14:25:56
RESULTS:
  Text versions of total report are saved to /home/531734/mike/karyon_longread/15_primary_SLR/report.txt, report.tsv, and report.tex
  Text versions of transposed total report are saved to /home/531734/mike/karyon_longread/15_primary_SLR/transposed_report.txt, transposed_report.tsv, and transposed_report.tex
  HTML version (interactive tables and plots) is saved to /home/531734/mike/karyon_longread/15_primary_SLR/report.html
  Icarus (contig browser) is saved to /home/531734/mike/karyon_longread/15_primary_SLR/icarus.html
  Log is saved to /home/531734/mike/karyon_longread/15_primary_SLR/quast.log

Finished: 2021-09-22 14:25:56
Elapsed time: 2:29:50.817530
NOTICEs: 0; WARNINGs: 1; non-fatal ERRORs: 1

Thank you for using QUAST!
