WARNING: Python locale settings can't be changed
/home/531734/packages/quast/quast.py --large data/assemblies/hiCversion2.linear.fasta hiCversion2.linear/outputs/redundans/scaffolds.reduced.fa --glimmer -b --threads 28 -L --nanopore data/reads/all_hifi.fasta -o hiCversion2.linear/reports/quast/

Version: 5.1.0rc1, ef58c8f

System information:
  OS: Linux-3.10.0-514.26.2.el7.x86_64-x86_64-with-centos-7.2.1511-Core (linux_64)
  Python version: 3.7.3
  CPUs number: 28

Started: 2022-02-01 11:46:37

Logging to /home/531734/mike/karyon_longread/hiCversion2.linear/reports/quast/quast.log

CWD: /home/531734/mike/karyon_longread
Main parameters: 
  MODE: large, threads: 28, eukaryotic: true, min contig length: 3000, min alignment length: 500, \
  min alignment IDY: 95.0, ambiguity: one, threshold for extensive misassembly size: 7000

WARNING: Can't draw plots: python-matplotlib is missing or corrupted.

Contigs:
  Pre-processing...


Building a new DB, current time: 02/01/2022 11:46:38
New DB name:   /home/531734/mike/karyon_longread/data/databases/hiCversion2.linear/initial_hiCversion2.linear
New DB title:  data/assemblies/hiCversion2.linear.fasta
Sequence type: Nucleotide
Keep MBits: T
Maximum file size: 1000000000B
Adding sequences from FASTA; added 60 sequences in 1.88782 seconds.


  1  data/assemblies/hiCversion2.linear.fasta ==> assemblies
  2  hiCversion2.linear/outputs/redundans/scaffolds.reduced.fa ==> redundans

2022-02-01 11:46:41
Running Reads analyzer...
  Logging to files /home/531734/mike/karyon_longread/hiCversion2.linear/reports/quast/reads_stats/reads_stats.log and /home/531734/mike/karyon_longread/hiCversion2.linear/reports/quast/reads_stats/reads_stats.err...


Building a new DB, current time: 02/01/2022 11:46:42
New DB name:   /home/531734/mike/karyon_longread/data/databases/hiCversion2.linear/hiCversion2.linear
New DB title:  hiCversion2.linear/outputs/redundans/scaffolds.reduced.fasta
Sequence type: Nucleotide
Keep MBits: T
Maximum file size: 1000000000B
  2  Pre-processing reads...
  2  Running BWA...
Adding sequences from FASTA; added 14 sequences in 1.50944 seconds.


  1  Pre-processing reads...
  1  Running BWA...
gnuplot 5.4 patchlevel 1
Mosdepth plotting is complete.
[+] Parsing FASTA - data/assemblies/hiCversion2.linear.fasta
[+] Creating nodesDB from /home/531734/databases/blastdb_nt/nodes.dmp and /home/531734/databases/blastdb_nt/names.dmp
[+] Parsing tax0 - /home/531734/mike/karyon_longread/hiCversion2.linear/reports/blast/contaminant_taxonomy.blast.out
[+] Computing taxonomy using taxrule(s) bestsum
[+] Parsing bam0 - /home/531734/mike/karyon_longread/hiCversion2.linear/outputs/initial/initial_asm.sorted.bam
[+] -> 100.00 (60/60) of sequences have reads aligned to them.
[+] -> 99.87 (5807328/5814829) of reads are mapped.
[+] Generating data for view
[+] 	Writing hiCversion2.linear/reports/blobtools/hiCversion2.linear.initial_asm.sorted.bam.cov
[+] Generating BlobDB and writing to file hiCversion2.linear/reports/blobtools/hiCversion2.linear.blobDB.json
[+] Reading BlobDB hiCversion2.linear/reports/blobtools/hiCversion2.linear.blobDB.json
[+] 	Loading BlobDB into memory ...
[+] 	Deserialising BlobDB (using 'json' module) (this may take a while, consider installing the 'ujson' module) ...
[+] 	Finished in 0.0022084712982177734s
[+] Preparing view(s) ...
[+] Generating data for view
[+] 	Writing hiCversion2.linear/reports/blobtools/hiCversion2.linear.blobDB.table.txt
[+] Writing output ...
[+] Reading BlobDB hiCversion2.linear/reports/blobtools/hiCversion2.linear.blobDB.json
[+] 	Loading BlobDB into memory ...
[+] 	Deserialising BlobDB (using 'json' module) (this may take a while, consider installing the 'ujson' module) ...
[+] 	Finished in 0.0025589466094970703s
[+] Extracting data for plots ...
[I]	Nematoda : sequences = 47, span = 132.06 MB, N50 = 6,281,301 nt
[I]	no-hit : sequences = 9, span = 0.58 MB, N50 = 125,000 nt
[I]	Streptophyta : sequences = 1, span = 0.13 MB, N50 = 130,914 nt
[I]	Arthropoda : sequences = 2, span = 0.1 MB, N50 = 50,833 nt
[I]	Chordata : sequences = 1, span = 0.05 MB, N50 = 50,000 nt
[+] Plotting hiCversion2.linear/reports/blobtools/hiCversion2.linear.blobDB.json.bestsum.phylum.p8.span.100.blobplot.bam0.png
[+] Plotting hiCversion2.linear/reports/blobtools/hiCversion2.linear.blobDB.json.bestsum.phylum.p8.span.100.blobplot.read_cov.bam0.png
[+] Writing hiCversion2.linear/reports/blobtools/hiCversion2.linear.blobDB.json.bestsum.phylum.p8.span.100.blobplot.stats.txt
  2  Done.
  2  Sorting SAM-file...
  2  Analysis is finished.
Mosdepth plotting is complete.
gnuplot 5.4 patchlevel 1
gnuplot 5.4 patchlevel 1
gnuplot 5.4 patchlevel 1
  1  Done.
  1  Sorting SAM-file...
  1  Analysis is finished.
  Creating total report...
    saved to /home/531734/mike/karyon_longread/hiCversion2.linear/reports/quast/reads_stats/reads_report.txt, reads_report.tsv, and reads_report.tex
Done.

2022-02-01 18:27:56
Running Basic statistics processor...
  Contig files: 
    1  assemblies
    2  redundans
  Calculating N50 and L50...
    1  assemblies, N50 = 6281301, L50 = 8, Total length = 132925103, GC % = 30.07, # N's per 100 kbp =  39.61
    2  redundans, N50 = 18580284, L50 = 2, Total length = 75111537, GC % = 29.94, # N's per 100 kbp =  25.05
Done.

2022-02-01 18:28:07
Running GlimmerHMM...
  1  assemblies
  2  redundans
  2    Genes = 4915 unique, 5402 total
  2    Predicted genes (GFF): /home/531734/mike/karyon_longread/hiCversion2.linear/reports/quast/predicted_genes/redundans_glimmer_genes.gff.gz
  1    Genes = 8399 unique, 9544 total
  1    Predicted genes (GFF): /home/531734/mike/karyon_longread/hiCversion2.linear/reports/quast/predicted_genes/assemblies_glimmer_genes.gff.gz
Done.

2022-02-01 18:36:58
Running BUSCO...
Logs and results will be saved under /home/531734/mike/karyon_longread/hiCversion2.linear/reports/quast/busco_stats...

ERROR! Failed running BUSCO for all the assemblies. See log files in /home/531734/mike/karyon_longread/hiCversion2.linear/reports/quast/busco_stats for information (rerun with --debug to keep all intermediate files).

2022-02-01 18:38:53
Creating large visual summaries...
This may take a while: press Ctrl-C to skip this step..
  1 of 1: Creating Icarus viewers...
Done

2022-02-01 18:38:55
RESULTS:
  Text versions of total report are saved to /home/531734/mike/karyon_longread/hiCversion2.linear/reports/quast/report.txt, report.tsv, and report.tex
  Text versions of transposed total report are saved to /home/531734/mike/karyon_longread/hiCversion2.linear/reports/quast/transposed_report.txt, transposed_report.tsv, and transposed_report.tex
  HTML version (interactive tables and plots) is saved to /home/531734/mike/karyon_longread/hiCversion2.linear/reports/quast/report.html
  Icarus (contig browser) is saved to /home/531734/mike/karyon_longread/hiCversion2.linear/reports/quast/icarus.html
  Log is saved to /home/531734/mike/karyon_longread/hiCversion2.linear/reports/quast/quast.log

Finished: 2022-02-01 18:38:55
Elapsed time: 6:52:18.016459
NOTICEs: 0; WARNINGs: 2; non-fatal ERRORs: 1

Thank you for using QUAST!
