/var/spool/slurmd/job3463225/slurm_script: line 18: cd: /home/531734/karyon_longread: No such file or directory
Building DAG of jobs...
Using shell: /usr/bin/bash
Provided cores: 28
Rules claiming more threads will be scaled down.
Job stats:
job                            count    min threads    max threads
---------------------------  -------  -------------  -------------
CEGMA                              1              1              1
all                                1              1              1
blast_nonself                      1              1              1
blast_nonself_initial              1              1              1
blob_create                        1              1              1
blobtools_plot                     1              1              1
blobtools_view                     1              1              1
conversion                         1              1              1
fix_bam                            1              1              1
initial_conversion                 1              1              1
initial_mapping                    1              1              1
initial_samtools_index             1              1              1
initial_sorting                    1              1              1
initial_tagging                    1              1              1
input_assembly                     1              1              1
make_blast_database                1              1              1
make_blast_database_initial        1              1              1
mapping                            1              1              1
mosdepth_collapsed                 1              1              1
mosdepth_collapsed_plots           1              1              1
mosdepth_initial                   1              1              1
mosdepth_initial_plots             1              1              1
nucmer_initial_vs_initial          1              1              1
nucmer_initial_vs_reference        1              1              1
nucmer_reduced_vs_initial          1              1              1
nucmer_reduced_vs_reference        1              1              1
only_pairs                         1              1              1
only_pairs_initial                 1              1              1
quast                              1              1              1
redundans                          1              1              1
redundans_tagging                  1              1              1
samtools_index                     1              1              1
samtools_tagged_index              1              1              1
sorting                            1              1              1
tax_blast                          1              1              1
total                             35              1              1

Select jobs to execute...

[Mon Jan 31 12:03:05 2022]
localrule input_assembly:
    output: data/assemblies/hiCversion2.linear.fasta
    jobid: 1
    resources: tmpdir=/tmp

Waiting at most 5 seconds for missing files.
MissingOutputException in line 77 of /home/531734/mike/karyon_longread/snakefile:
Job Missing files after 5 seconds:
data/assemblies/hiCversion2.linear.fasta
This might be due to filesystem latency. If that is the case, consider to increase the wait time with --latency-wait.
Job id: 1 completed successfully, but some output files are missing. 1
Job failed, going on with independent jobs.
Exiting because a job execution failed. Look above for error message
Complete log: /home/531734/mike/karyon_longread/.snakemake/log/2022-01-31T120301.726492.snakemake.log
