[bwa_index] Pack FASTA... [bwa_index] Pack FASTA... 1.40 sec
[bwa_index] Construct BWT for the packed sequence...
[BWTIncCreate] textLength=379079860, availableWord=38673004
1.78 sec
[bwa_index] Construct BWT for the packed sequence...
[BWTIncCreate] textLength=480921160, availableWord=45839360
[BWTIncConstructFromPacked] 10 iterations done. 63793332 characters processed.
[BWTIncConstructFromPacked] 10 iterations done. 74614392 characters processed.
[BWTIncConstructFromPacked] 20 iterations done. 117854212 characters processed.
[BWTIncConstructFromPacked] 20 iterations done. 138805320 characters processed.
[BWTIncConstructFromPacked] 30 iterations done. 165899604 characters processed.
[BWTIncConstructFromPacked] 40 iterations done. 208598468 characters processed.
[BWTIncConstructFromPacked] 30 iterations done. 195854392 characters processed.
[BWTIncConstructFromPacked] 50 iterations done. 246545284 characters processed.
[BWTIncConstructFromPacked] 60 iterations done. 280268468 characters processed.
[BWTIncConstructFromPacked] 40 iterations done. 246555704 characters processed.
[BWTIncConstructFromPacked] 70 iterations done. 310237716 characters processed.
[BWTIncConstructFromPacked] 50 iterations done. 291615160 characters processed.
[BWTIncConstructFromPacked] 80 iterations done. 336870436 characters processed.
[BWTIncConstructFromPacked] 90 iterations done. 360537620 characters processed.
[BWTIncConstructFromPacked] 60 iterations done. 331660104 characters processed.
[bwa_index] 120.34 seconds elapse.
[bwa_index] Update BWT... 0.88 sec
[bwa_index] Pack forward-only FASTA... 0.85 sec
[bwa_index] Construct SA from BWT and Occ... [BWTIncConstructFromPacked] 70 iterations done. 367248088 characters processed.
[BWTIncConstructFromPacked] 80 iterations done. 398874776 characters processed.
[BWTIncConstructFromPacked] 90 iterations done. 426980632 characters processed.
[BWTIncConstructFromPacked] 100 iterations done. 451957160 characters processed.
42.09 sec
[bwt_gen] Finished constructing BWT in 99 iterations.
[main] Version: 0.7.15-r1140
[main] CMD: /home/531734/packages/quast/quast_libs/bwa/bwa index -p /home/531734/mike/karyon_longread/VW4_HiFiasm_15_purge/quast_corrected_input/assemblies_VW4_HiFiasm_asm_15_p_ctg.fa /home/531734/mike/karyon_longread/VW4_HiFiasm_15_purge/quast_corrected_input/assemblies_VW4_HiFiasm_asm_15_p_ctg.fa
[main] Real time: 167.313 sec; CPU: 165.563 sec
[M::mm_idx_gen::4.141*1.43] collected minimizers
[M::mm_idx_gen::4.531*1.88] sorted minimizers
[M::main::4.531*1.88] loaded/built the index for 155 target sequence(s)
[BWTIncConstructFromPacked] 110 iterations done. 474152280 characters processed.
[M::mm_mapopt_update::4.727*1.84] mid_occ = 268
[M::mm_idx_stat] kmer size: 19; skip: 10; is_hpc: 1; #seq: 155
[M::mm_idx_stat::4.855*1.82] distinct minimizers: 9631621 (62.96% are singletons); average occurrences: 2.228; average spacing: 8.833
[bwa_index] 169.72 seconds elapse.
[bwa_index] Update BWT... 1.14 sec
[bwa_index] Pack forward-only FASTA... 1.08 sec
[bwa_index] Construct SA from BWT and Occ... 56.28 sec
[bwt_gen] Finished constructing BWT in 114 iterations.
[main] Version: 0.7.15-r1140
[main] CMD: /home/531734/packages/quast/quast_libs/bwa/bwa index -p /home/531734/mike/karyon_longread/VW4_HiFiasm_15_purge/quast_corrected_input/assemblies_23_Purge_Scaffold_purged.fasta /home/531734/mike/karyon_longread/VW4_HiFiasm_15_purge/quast_corrected_input/assemblies_23_Purge_Scaffold_purged.fasta
[main] Real time: 232.610 sec; CPU: 230.017 sec
[M::mm_idx_gen::4.956*1.48] collected minimizers
[M::mm_idx_gen::5.376*1.92] sorted minimizers
[M::main::5.377*1.92] loaded/built the index for 146 target sequence(s)
[M::mm_mapopt_update::5.586*1.89] mid_occ = 244
[M::mm_idx_stat] kmer size: 19; skip: 10; is_hpc: 1; #seq: 146
[M::mm_idx_stat::5.720*1.87] distinct minimizers: 10543268 (51.62% are singletons); average occurrences: 2.573; average spacing: 8.863
[M::worker_pipeline::127.515*8.00] mapped 36151 sequences
[M::worker_pipeline::116.183*7.70] mapped 36151 sequences
[M::worker_pipeline::230.446*8.42] mapped 35954 sequences
[M::worker_pipeline::207.241*8.20] mapped 35954 sequences
[M::worker_pipeline::336.354*8.60] mapped 35959 sequences
[M::worker_pipeline::301.884*8.32] mapped 35959 sequences
[M::worker_pipeline::443.178*8.68] mapped 35746 sequences
[M::worker_pipeline::394.992*8.47] mapped 35746 sequences
[M::worker_pipeline::549.614*8.71] mapped 35850 sequences
[M::worker_pipeline::487.529*8.55] mapped 35850 sequences
[M::worker_pipeline::583.902*8.59] mapped 35998 sequences
[M::worker_pipeline::659.476*8.74] mapped 35998 sequences
[M::worker_pipeline::676.546*8.62] mapped 35856 sequences
[M::worker_pipeline::764.191*8.77] mapped 35856 sequences
[M::worker_pipeline::770.921*8.66] mapped 35914 sequences
[M::worker_pipeline::873.838*8.78] mapped 35914 sequences
[M::worker_pipeline::867.531*8.69] mapped 35988 sequences
[M::worker_pipeline::985.875*8.80] mapped 35988 sequences
[M::worker_pipeline::964.115*8.70] mapped 35938 sequences
[M::worker_pipeline::1096.502*8.79] mapped 35938 sequences
[M::worker_pipeline::1058.412*8.71] mapped 35973 sequences
[M::worker_pipeline::1204.161*8.78] mapped 35973 sequences
[M::worker_pipeline::1150.772*8.73] mapped 36081 sequences
[M::worker_pipeline::1244.394*8.74] mapped 36299 sequences
[M::worker_pipeline::1313.154*8.78] mapped 36081 sequences
[M::worker_pipeline::1340.639*8.75] mapped 36354 sequences
[M::worker_pipeline::1421.326*8.78] mapped 36299 sequences
[M::worker_pipeline::1438.393*8.75] mapped 35387 sequences
[M::worker_pipeline::1532.561*8.77] mapped 36354 sequences
[M::worker_pipeline::1535.330*8.76] mapped 28315 sequences
[M::worker_pipeline::1644.856*8.77] mapped 35387 sequences
[M::worker_pipeline::1633.558*8.77] mapped 28347 sequences
[M::worker_pipeline::1758.464*8.78] mapped 28315 sequences
[M::worker_pipeline::1732.381*8.78] mapped 28307 sequences
[M::worker_pipeline::1875.090*8.79] mapped 28347 sequences
[M::worker_pipeline::1832.911*8.79] mapped 28359 sequences
[M::worker_pipeline::1990.068*8.79] mapped 28307 sequences
[M::worker_pipeline::1933.748*8.80] mapped 28348 sequences
[M::worker_pipeline::2027.064*8.81] mapped 28359 sequences
[M::worker_pipeline::2108.307*8.80] mapped 28359 sequences
[M::worker_pipeline::2127.472*8.81] mapped 28315 sequences
[M::worker_pipeline::2222.807*8.80] mapped 28348 sequences
[M::worker_pipeline::2224.413*8.82] mapped 28370 sequences
[M::worker_pipeline::2333.076*8.80] mapped 28359 sequences
[M::worker_pipeline::2324.678*8.82] mapped 28332 sequences
[M::worker_pipeline::2448.431*8.81] mapped 28315 sequences
[M::worker_pipeline::2422.780*8.83] mapped 28318 sequences
[M::worker_pipeline::2563.205*8.81] mapped 28370 sequences
[M::worker_pipeline::2520.799*8.83] mapped 28359 sequences
[M::worker_pipeline::2680.590*8.81] mapped 28332 sequences
[M::worker_pipeline::2620.109*8.84] mapped 28293 sequences
[M::worker_pipeline::2716.935*8.84] mapped 28383 sequences
[M::worker_pipeline::2793.333*8.81] mapped 28318 sequences
[M::worker_pipeline::2813.223*8.84] mapped 28365 sequences
[M::worker_pipeline::2906.150*8.81] mapped 28359 sequences
[M::worker_pipeline::2915.079*8.84] mapped 28365 sequences
[M::worker_pipeline::3020.685*8.81] mapped 28293 sequences
[M::worker_pipeline::3011.653*8.85] mapped 28667 sequences
[M::worker_pipeline::3130.884*8.82] mapped 28383 sequences
[M::worker_pipeline::3104.796*8.85] mapped 31718 sequences
[M::worker_pipeline::3245.421*8.82] mapped 28365 sequences
[M::worker_pipeline::3200.015*8.84] mapped 31704 sequences
[M::worker_pipeline::3288.292*8.85] mapped 31790 sequences
[M::worker_pipeline::3361.493*8.82] mapped 28365 sequences
[M::worker_pipeline::3377.433*8.85] mapped 31706 sequences
[M::worker_pipeline::3472.422*8.82] mapped 28667 sequences
[M::worker_pipeline::3467.131*8.85] mapped 31794 sequences
[M::worker_pipeline::3576.276*8.82] mapped 31718 sequences
[M::worker_pipeline::3557.244*8.86] mapped 31770 sequences
[M::worker_pipeline::3679.586*8.82] mapped 31704 sequences
[M::worker_pipeline::3650.549*8.85] mapped 31711 sequences
[M::worker_pipeline::3780.972*8.83] mapped 31790 sequences
[M::worker_pipeline::3737.553*8.85] mapped 31737 sequences
[M::worker_pipeline::3885.599*8.83] mapped 31706 sequences
[M::worker_pipeline::3831.117*8.85] mapped 31844 sequences
[M::worker_pipeline::3987.190*8.83] mapped 31794 sequences
[M::worker_pipeline::3924.666*8.85] mapped 31754 sequences
[M::worker_pipeline::4018.785*8.85] mapped 31771 sequences
[M::worker_pipeline::4093.532*8.83] mapped 31770 sequences
[M::worker_pipeline::4112.204*8.86] mapped 31754 sequences
[M::worker_pipeline::4196.155*8.83] mapped 31711 sequences
[M::worker_pipeline::4205.286*8.86] mapped 31739 sequences
[M::worker_pipeline::4296.199*8.84] mapped 31737 sequences
[M::worker_pipeline::4297.899*8.86] mapped 31770 sequences
[M::worker_pipeline::4399.561*8.84] mapped 31844 sequences
[M::worker_pipeline::4389.875*8.86] mapped 31726 sequences
[M::worker_pipeline::4502.688*8.84] mapped 31754 sequences
[M::worker_pipeline::4482.044*8.86] mapped 31717 sequences
[M::worker_pipeline::4611.766*8.84] mapped 31771 sequences
[M::worker_pipeline::4574.293*8.86] mapped 31680 sequences
[M::worker_pipeline::4714.869*8.84] mapped 31754 sequences
[M::worker_pipeline::4666.739*8.86] mapped 31791 sequences
[M::worker_pipeline::4819.620*8.84] mapped 31739 sequences
[M::worker_pipeline::4757.238*8.86] mapped 31761 sequences
[M::worker_pipeline::4848.088*8.86] mapped 31733 sequences
[M::worker_pipeline::4923.111*8.84] mapped 31770 sequences
[M::worker_pipeline::4938.783*8.87] mapped 31742 sequences
[M::worker_pipeline::5029.145*8.84] mapped 31726 sequences
[M::worker_pipeline::5033.169*8.87] mapped 31745 sequences
[M::worker_pipeline::5132.760*8.84] mapped 31717 sequences
[M::worker_pipeline::5120.488*8.87] mapped 31818 sequences
[M::worker_pipeline::5238.134*8.84] mapped 31680 sequences
[M::worker_pipeline::5214.566*8.87] mapped 31799 sequences
[M::worker_pipeline::5345.855*8.84] mapped 31791 sequences
[M::worker_pipeline::5303.886*8.87] mapped 31658 sequences
[M::worker_pipeline::5445.652*8.84] mapped 31761 sequences
[M::worker_pipeline::5395.456*8.87] mapped 31751 sequences
[M::worker_pipeline::5549.890*8.84] mapped 31733 sequences
[M::worker_pipeline::5487.239*8.87] mapped 31776 sequences
[M::worker_pipeline::5579.669*8.88] mapped 31696 sequences
[M::worker_pipeline::5652.481*8.84] mapped 31742 sequences
[M::worker_pipeline::5668.085*8.88] mapped 31646 sequences
[M::worker_pipeline::5759.803*8.84] mapped 31745 sequences
[M::worker_pipeline::5760.567*8.88] mapped 31717 sequences
[M::worker_pipeline::5862.330*8.85] mapped 31818 sequences
[M::worker_pipeline::5852.968*8.88] mapped 31765 sequences
[M::worker_pipeline::5969.805*8.85] mapped 31799 sequences
[M::worker_pipeline::5943.182*8.88] mapped 31674 sequences
[M::worker_pipeline::6073.235*8.85] mapped 31658 sequences
[M::worker_pipeline::6037.383*8.88] mapped 31815 sequences
[M::worker_pipeline::6178.685*8.84] mapped 31751 sequences
[M::worker_pipeline::6126.073*8.88] mapped 31782 sequences
[M::worker_pipeline::6283.192*8.84] mapped 31776 sequences
[M::worker_pipeline::6217.884*8.88] mapped 31621 sequences
[M::worker_pipeline::6311.623*8.88] mapped 31787 sequences
[M::worker_pipeline::6388.261*8.85] mapped 31696 sequences
[M::worker_pipeline::6400.023*8.88] mapped 31785 sequences
[M::worker_pipeline::6489.287*8.85] mapped 31646 sequences
[M::worker_pipeline::6488.658*8.88] mapped 31802 sequences
[M::worker_pipeline::6593.662*8.85] mapped 31717 sequences
[M::worker_pipeline::6580.914*8.88] mapped 31796 sequences
[M::worker_pipeline::6696.427*8.85] mapped 31765 sequences
[M::worker_pipeline::6647.673*8.88] mapped 24527 sequences
[M::main] Version: 2.11-r797
[M::main] CMD: /home/531734/packages/quast/quast_libs/minimap2/minimap2 -t 9 -ax map-pb /home/531734/mike/karyon_longread/VW4_HiFiasm_15_purge/quast_corrected_input/assemblies_23_Purge_Scaffold_purged.fasta /home/531734/mike/karyon_longread/data/reads/all_hifi.fastq.gz
[M::main] Real time: 6647.702 sec; CPU: 59015.643 sec
[M::worker_pipeline::6800.510*8.85] mapped 31674 sequences
[M::worker_pipeline::6906.012*8.85] mapped 31815 sequences
[M::worker_pipeline::7005.771*8.85] mapped 31782 sequences
[M::worker_pipeline::7110.691*8.85] mapped 31621 sequences
[M::worker_pipeline::7215.192*8.86] mapped 31787 sequences
[M::worker_pipeline::7312.092*8.86] mapped 31785 sequences
[M::worker_pipeline::7413.599*8.86] mapped 31802 sequences
[M::worker_pipeline::7517.326*8.86] mapped 31796 sequences
[M::worker_pipeline::7594.315*8.86] mapped 24527 sequences
[M::main] Version: 2.11-r797
[M::main] CMD: /home/531734/packages/quast/quast_libs/minimap2/minimap2 -t 9 -ax map-pb /home/531734/mike/karyon_longread/VW4_HiFiasm_15_purge/quast_corrected_input/assemblies_VW4_HiFiasm_asm_15_p_ctg.fa /home/531734/mike/karyon_longread/data/reads/all_hifi.fastq.gz
[M::main] Real time: 7594.338 sec; CPU: 67286.271 sec
