****************** Start a BUSCO 3.0.2 analysis, current time: 09/20/2021 20:42:38 ******************
Configuration loaded from /home/531734/mike/karyon_longread/VW4_HiFiasm_15_purge/busco_stats/config.ini
Init tools...
Check dependencies...
Check input file...
To reproduce this run: python /home/531734/packages/quast/quast.py -i /home/531734/mike/karyon_longread/VW4_HiFiasm_15_purge/quast_corrected_input/assemblies_VW4_HiFiasm_asm_15_p_ctg.fa -o assemblies_VW4_HiFiasm-asm-15-p_ctg -l /home/531734/packages/quast/quast_libs/busco/eukaryota/ -m genome -c 14 -t /home/531734/mike/karyon_longread/VW4_HiFiasm_15_purge/busco_stats/tmp/ -sp fly --augustus_parameters ''''
Mode is: genome
The lineage dataset is: eukaryota_odb9 (eukaryota)
Delete the current result folder and start a new run
Temp directory is /home/531734/mike/karyon_longread/VW4_HiFiasm_15_purge/busco_stats/tmp/
****** Phase 1 of 2, initial predictions ******
****** Step 1/3, current time: 09/20/2021 20:42:42 ******
Create blast database...
[makeblastdb]	Building a new DB, current time: 09/20/2021 20:42:43
[makeblastdb]	New DB name:   /home/531734/mike/karyon_longread/VW4_HiFiasm_15_purge/busco_stats/tmp/assemblies_VW4_HiFiasm-asm-15-p_ctg_2192698867
[makeblastdb]	New DB title:  /home/531734/mike/karyon_longread/VW4_HiFiasm_15_purge/quast_corrected_input/assemblies_VW4_HiFiasm_asm_15_p_ctg.fa
[makeblastdb]	Sequence type: Nucleotide
[makeblastdb]	Keep MBits: T
[makeblastdb]	Maximum file size: 1000000000B
[makeblastdb]	Adding sequences from FASTA; added 155 sequences in 2.24967 seconds.
[makeblastdb]	1 of 1 task(s) completed at 09/20/2021 20:42:46
Running tblastn, writing output to /home/531734/mike/karyon_longread/VW4_HiFiasm_15_purge/busco_stats/run_assemblies_VW4_HiFiasm-asm-15-p_ctg/blast_output/tblastn_assemblies_VW4_HiFiasm-asm-15-p_ctg.tsv...
[tblastn]	1 of 1 task(s) completed at 09/20/2021 20:45:10
****** Step 2/3, current time: 09/20/2021 20:45:10 ******
Maximum number of candidate contig per BUSCO limited to: 3
Getting coordinates for candidate regions...
Pre-Augustus scaffold extraction...
Running Augustus prediction using fly as species:
Additional parameters for Augustus are '': 
[augustus]	Please find all logs related to Augustus errors here: /home/531734/mike/karyon_longread/VW4_HiFiasm_15_purge/busco_stats/run_assemblies_VW4_HiFiasm-asm-15-p_ctg/augustus_output/augustus.log
[augustus]	324 of 539 task(s) completed at 09/20/2021 20:45:15
[augustus]	378 of 539 task(s) completed at 09/20/2021 20:45:15
[augustus]	486 of 539 task(s) completed at 09/20/2021 20:45:16
[augustus]	539 of 539 task(s) completed at 09/20/2021 20:45:16
Extracting predicted proteins...
****** Step 3/3, current time: 09/20/2021 20:45:21 ******
Running HMMER to confirm orthology of predicted proteins:
Unhandled exception occurred: ['Traceback (most recent call last):\n', '  File "/home/531734/packages/quast/quast_libs/busco/busco.py", line 184, in main\n    analysis.run_analysis()\n', '  File "/home/531734/packages/quast/quast_libs/busco/GenomeAnalysis.py", line 96, in run_analysis\n    self._run_hmmer()\n', '  File "/home/531734/packages/quast/quast_libs/busco/GenomeAnalysis.py", line 977, in _run_hmmer\n    self.mainout)\n', "FileNotFoundError: [Errno 2] No such file or directory: '/home/531734/mike/karyon_longread/VW4_HiFiasm_15_purge/busco_stats/run_assemblies_VW4_HiFiasm-asm-15-p_ctg/augustus_output/extracted_proteins'\n"]

BUSCO analysis failed !
Check the logs, read the user guide, if you still need technical support, then please contact mailto:support@orthodb.org

