****************** Start a BUSCO 3.0.2 analysis, current time: 09/07/2021 13:05:32 ******************
Configuration loaded from /home/531734/mike/karyon_longread/VW4_HiFiasm.asm.11.hic.hap1.p_ctg/busco_stats/config.ini
Init tools...
Check dependencies...
Check input file...
To reproduce this run: python /home/531734/packages/quast/quast.py -i /home/531734/mike/karyon_longread/VW4_HiFiasm.asm.11.hic.hap1.p_ctg/quast_corrected_input/assemblies_VW4_HiFiasm_asm_11_hic_hap1_p_ctg.fa -o assemblies_VW4_HiFiasm-asm-11-hic-hap1-p_ctg -l /home/531734/packages/quast/quast_libs/busco/eukaryota/ -m genome -c 7 -t /home/531734/mike/karyon_longread/VW4_HiFiasm.asm.11.hic.hap1.p_ctg/busco_stats/tmp/ -sp fly --augustus_parameters ''''
Mode is: genome
The lineage dataset is: eukaryota_odb9 (eukaryota)
Delete the current result folder and start a new run
Temp directory is /home/531734/mike/karyon_longread/VW4_HiFiasm.asm.11.hic.hap1.p_ctg/busco_stats/tmp/
****** Phase 1 of 2, initial predictions ******
****** Step 1/3, current time: 09/07/2021 13:05:36 ******
Create blast database...
[makeblastdb]	Building a new DB, current time: 09/07/2021 13:05:36
[makeblastdb]	New DB name:   /home/531734/mike/karyon_longread/VW4_HiFiasm.asm.11.hic.hap1.p_ctg/busco_stats/tmp/assemblies_VW4_HiFiasm-asm-11-hic-hap1-p_ctg_2263624460
[makeblastdb]	New DB title:  /home/531734/mike/karyon_longread/VW4_HiFiasm.asm.11.hic.hap1.p_ctg/quast_corrected_input/assemblies_VW4_HiFiasm_asm_11_hic_hap1_p_ctg.fa
[makeblastdb]	Sequence type: Nucleotide
[makeblastdb]	Keep MBits: T
[makeblastdb]	Maximum file size: 1000000000B
[makeblastdb]	Adding sequences from FASTA; added 421 sequences in 2.04594 seconds.
[makeblastdb]	1 of 1 task(s) completed at 09/07/2021 13:05:38
Running tblastn, writing output to /home/531734/mike/karyon_longread/VW4_HiFiasm.asm.11.hic.hap1.p_ctg/busco_stats/run_assemblies_VW4_HiFiasm-asm-11-hic-hap1-p_ctg/blast_output/tblastn_assemblies_VW4_HiFiasm-asm-11-hic-hap1-p_ctg.tsv...
[tblastn]	1 of 1 task(s) completed at 09/07/2021 13:07:44
****** Step 2/3, current time: 09/07/2021 13:07:44 ******
Maximum number of candidate contig per BUSCO limited to: 3
Getting coordinates for candidate regions...
Pre-Augustus scaffold extraction...
Running Augustus prediction using fly as species:
Additional parameters for Augustus are '': 
[augustus]	Please find all logs related to Augustus errors here: /home/531734/mike/karyon_longread/VW4_HiFiasm.asm.11.hic.hap1.p_ctg/busco_stats/run_assemblies_VW4_HiFiasm-asm-11-hic-hap1-p_ctg/augustus_output/augustus.log
[augustus]	50 of 496 task(s) completed at 09/07/2021 13:07:47
[augustus]	149 of 496 task(s) completed at 09/07/2021 13:07:47
[augustus]	298 of 496 task(s) completed at 09/07/2021 13:07:48
[augustus]	397 of 496 task(s) completed at 09/07/2021 13:07:48
[augustus]	496 of 496 task(s) completed at 09/07/2021 13:07:49
Extracting predicted proteins...
****** Step 3/3, current time: 09/07/2021 13:07:55 ******
Running HMMER to confirm orthology of predicted proteins:
Unhandled exception occurred: ['Traceback (most recent call last):\n', '  File "/home/531734/packages/quast/quast_libs/busco/busco.py", line 184, in main\n    analysis.run_analysis()\n', '  File "/home/531734/packages/quast/quast_libs/busco/GenomeAnalysis.py", line 96, in run_analysis\n    self._run_hmmer()\n', '  File "/home/531734/packages/quast/quast_libs/busco/GenomeAnalysis.py", line 977, in _run_hmmer\n    self.mainout)\n', "FileNotFoundError: [Errno 2] No such file or directory: '/home/531734/mike/karyon_longread/VW4_HiFiasm.asm.11.hic.hap1.p_ctg/busco_stats/run_assemblies_VW4_HiFiasm-asm-11-hic-hap1-p_ctg/augustus_output/extracted_proteins'\n"]

BUSCO analysis failed !
Check the logs, read the user guide, if you still need technical support, then please contact mailto:support@orthodb.org

